MongoClient connected
Bot is running...
************************
[2024-05-22T10:59:46.375Z] User: Furymuse (ID: 2088746736) clicked balance

************************
Getting ballances
0.0000312484
0.000161171102
0.0000748058265
0.000045245767
0.000028875
0.0000183324
0.0000492479
0.0000230379443
0.000018845
0.000023800052
0.0000672282789
4.48983e-8
0.00000505315
0.0000859728481
0.00000983555
0.00000635311
0.000071999
0.000051538
0.0000484917
0.0000139994163
0.0000212448
0.00000752678
0.0000174913657
0.00000685849
0.0000214222
0.0000119619
0.00000938478286
0.00000778694
0.000534106792
0.0000152491
180.937942087
************************
[2024-05-22T11:41:14.724Z] User: undefined (ID: 6057481349) clicked balance

************************
Getting ballances
0.000021119
0.0000118854
0.0000237135797
0.0000735878209
0.0000229575125
0.000564324399
0.0000860471894
0.0000311336
0.0000174278342
0.0000515198
0.00259772768
0.0000515212
0.0000182656
0.000011689
0.000014589
0.0000287697
0.0000417677
0.000161754855
0.00000722896
0.00000673634
0.0000663095746
0.0000450802986
0.0000140761684
0.00000633088
0.00000775878
3.8619e-8
0.00000964110591
0.000055724
0.0000213441
0.0000714662
0.00000979986
0.00000503496
0.0000493909
0.0000187763
180.299263133
