DEBUG: Iteration: 1, Offset: 0, Total Tokens Fetched: 0
*****************************************
DEBUG: Waiting for response...
DEBUG: Parsing response into json...
DEBUG: Iteration: 2, Offset: 50, Total Tokens Fetched: 50
*****************************************
DEBUG: Waiting for response...
DEBUG: Parsing response into json...
DEBUG: Iteration: 3, Offset: 100, Total Tokens Fetched: 100
*****************************************
DEBUG: Waiting forReloading token infos...
Fetching data...
Fetched overview for 20 addresses
Response code: 200

Fetching data...
Fetched overview for 40 addresses
Response code: 200

Fetching data...
Fetched overview for 60 addresses
Response code: 200

Fetching data...
Fetched overview for 80 addresses
Response code: 200

Fetching data...
Fetched overview for 100 addresses
Response code: 200

Fetching data...
Fetched overview for 120 addresses
Response code: 200

Fetching data...
Fetched overview for 140 addresses
Response code: 200

Fetching data...
Fetched overview for 160 addresses
Response code: 200

Fetching data...
Fetched overview for 180 addresses
Response code: 200

Fetching data...
Fetched overview for 200 addresses
Response code: 200

Fetching data...
Fetched overview for 220 addresses
Response code: 200

Fetching data...
Fetched overview for 240 addresses
Response code: 200

Fetching data...
Fetched overview for 260 addresses
Response code: 200

Fetching data...
Fetched overview for 280 addresses
Response code: 200

Fetching data...
Fetched overview for 300 addresses
Response code: 200

Fetching data...
Fetched overview for 320 addresses
Response code: 200

Fetching data...
Fetched overview for 340 addresses
Response code: 200

Fetching data...
Fetched overview for 360 addresses
Response code: 200

Fetching data...
Fetched overview for 380 addresses
Response code: 200

Fetching data...
Fetched overview for 400 addresses
Response code: 200

Fetching data...
Fetched overview for 420 addresses
Response code: 200

Fetching data...
Fetched overview for 440 addresses
Response code: 200

Fetching data...
Fetched overview for 460 addresses
Response code: 200

Fetching data...
Fetched overview for 480 addresses
Response code: 200

Fetching data...
Fetched overview for 500 addresses
Response code: 200

Fetching data...
Fetched overview for 520 addresses
Response code: 200

Fetching data...
Fetched overview for 540 addresses
Response code: 200

Fetching data...
Fetched overview for 560 addresses
Response code: 200

Fetching data...
Fetched overview for 580 addresses
Response code: 200

Fetching data...
Fetched overview for 600 addresses
Response code: 200

Fetching data...
Fetched overview for 620 addresses
Response code: 200

Fetching data...
Fetched overview for 640 addresses
Response code: 200

Fetching data...
Fetched overview for 660 addresses
Response code: 200

Fetching data...
Fetched overview for 680 addresses
Response code: 200

Fetching data...
Fetched overview for 700 addresses
Response code: 200

Fetching data...
Fetched overview for 720 addresses
Response code: 200

Fetching data...
Fetched overview for 740 addresses
Response code: 200

Fetching data...
Fetched overview for 760 addresses
Response code: 200

Fetching data...
Fetched overview for 780 addresses
Response code: 200

Fetching data...
Fetched overview for 800 addresses
Response code: 200

Fetching data...
Fetched overview for 820 addresses
Response code: 200

Fetching data...
Fetched overview for 840 addresses
Response code: 200

Fetching data...
Fetched overview for 860 addresses
Response code: 200

Fetching data...
Fetched overview for 880 addresses
Response code: 200

Fetching data...
Fetched overview for 900 addresses
Response code: 200

Fetching data...
Fetched overview for 920 addresses
Response code: 200

Fetching data...
Fetched overview for 940 addresses
Response code: 200

Fetching data...
Fetched overview for 960 addresses
Response code: 200

Fetching data...
Fetched overview for 980 addresses
Response code: 200

Fetching data...
Fetched overview for 1000 addresses
Response code: 200

Fetching data...
Fetched overview for 1020 addresses
Response code: 200

Fetching data...
Fetched overview for 1040 addresses
Response code: 200

Fetching data...
Fetched overview for 1060 addresses
Response code: 200

Fetching data...
Fetched overview for 1080 addresses
Response code: 200

Fetching data...
Fetched overview for 1100 addresses
Response code: 200

Fetching data...
Fetched overview for 1120 addresses
Response code: 200

Fetching data...
Fetched overview for 1140 addresses
Response code: 200

Fetching data...
Fetched overview for 1160 addresses
Response code: 200

Fetching data...
Fetched overview for 1180 addresses
Response code: 200

Fetching data...
Fetched overview for 1200 addresses
Response code: 200

Fetching data...
Fetched overview for 1220 addresses
Response code: 200

Fetching data...
Fetched overview for 1240 addresses
Response code: 200

Fetching data...
Fetched overview for 1260 addresses
Response code: 200

Fetching data...
Fetched overview for 1280 addresses
Response code: 200

Fetching data...
Fetched overview for 1300 addresses
Response code: 200

Fetching data...
Fetched overview for 1320 addresses
Response code: 200

Fetching data...
Fetched overview for 1340 addresses
Response code: 200

Fetching data...
Fetched overview for 1360 addresses
Response code: 200

Fetching data...
Fetched overview for 1380 addresses
Response code: 200

Fetching data...
Fetched overview for 1400 addresses
Response code: 200

Fetching data...
Fetched overview for 1420 addresses
Response code: 200

Fetching data...
Fetched overview for 1440 addresses
Response code: 200

Fetching data...
Fetched overview for 1460 addresses
Response code: 200

Fetching data...
Fetched overview for 1480 addresses
Response code: 200

Fetching data...
Fetched overview for 1500 addresses
Response code: 200

Fetching data...
Fetched overview for 1520 addresses
Response code: 200

Fetching data...
Fetched overview for 1540 addresses
Response code: 200

Fetching data...
Fetched overview for 1560 addresses
Response code: 200

Fetching data...
Fetched overview for 1580 addresses
Response code: 200

Fetching data...
Fetched overview for 1600 addresses
Response code: 200

Total tokens fetched: 1232
Data written to 'data/token_overview_list.csv'
No data found after filtering.
Status code for Fn5TpxS4H3jwV5jwD9HYoEDvxnNxDyEknwKaq2Mn3fbf: 200
Filtering audit info for Fn5TpxS4H3jwV5jwD9HYoEDvxnNxDyEknwKaq2Mn3fbf
Status code for 5n1agYtMJzNmuk5x7ZAtSSoktYuvj7QY6EMbVQJnYgiK: 200
Filtering audit info for 5n1agYtMJzNmuk5x7ZAtSSoktYuvj7QY6EMbVQJnYgiK
Status code for 22QvAEn5KucUKbxJpMzwDmgYcQ8kuktqWVathxYsL6js: 200
Filtering audit info for 22QvAEn5KucUKbxJpMzwDmgYcQ8kuktqWVathxYsL6js
Filtered data saved to /root/project/solana-trading-bot/data/level_2_filter.csv
Filter complete.
Reloading token infos...
Fetching data...
Fetched overview for 20 addresses
Response code: 200

Fetching data...
Fetched overview for 40 addresses
Response code: 200

Fetching data...
Fetched overview for 60 addresses
Response code: 200

Fetching data...
Fetched overview for 80 addresses
Response code: 200

Fetching data...
Fetched overview for 100 addresses
Response code: 200

Fetching data...
Fetched overview for 120 addresses
Response code: 200

Fetching data...
Fetched overview for 140 addresses
Response code: 200

Fetching data...
Fetched overview for 160 addresses
Response code: 200

Fetching data...
Fetched overview for 180 addresses
Response code: 200

Fetching data...
Fetched overview for 200 addresses
Response code: 200

Fetching data...
Fetched overview for 220 addresses
Response code: 200

Fetching data...
Fetched overview for 240 addresses
Response code: 200

Fetching data...
Fetched overview for 260 addresses
Response code: 200

Fetching data...
Fetched overview for 280 addresses
Response code: 200

Fetching data...
Fetched overview for 300 addresses
Response code: 200

Fetching data...
Fetched overview for 320 addresses
Response code: 200

Fetching data...
Fetched overview for 340 addresses
Response code: 200

Fetching data...
Fetched overview for 360 addresses
Response code: 200

Fetching data...
Fetched overview for 380 addresses
Response code: 200

Fetching data...
Fetched overview for 400 addresses
Response code: 200

Fetching data...
Fetched overview for 420 addresses
Response code: 200

Fetching data...
Fetched overview for 440 addresses
Response code: 200

Fetching data...
Fetched overview for 460 addresses
Response code: 200

Fetching data...
Fetched overview for 480 addresses
Response code: 200

Fetching data...
