[2024-05-18T12:55:36.092Z] User: Furymuse (ID: 2088746736) clicked BALANCE
[2024-05-18T12:56:25.081Z] User: undefined (ID: 6057481349) clicked BALANCE
[2024-05-18T13:06:07.058Z] User: Furymuse (ID: 2088746736) clicked BOT_GUIDE
[2024-05-18T13:11:04.283Z] User: Furymuse (ID: 2088746736) clicked SETTINGS
[2024-05-18T13:15:39.550Z] User: Furymuse (ID: 2088746736) clicked BOT_GUIDE
[2024-05-18T13:16:15.815Z] User: Furymuse (ID: 2088746736) clicked BOT_GUIDE
[2024-05-18T13:16:55.679Z] User: Furymuse (ID: 2088746736) clicked BOT_GUIDE
[2024-05-18T13:16:58.503Z] User: Canner_Team (ID: 1335414289) clicked USDT_TO_USDC
[2024-05-18T13:17:38.802Z] User: Canner_Team (ID: 1335414289) clicked USDT_TO_USDC
[2024-05-18T13:17:38.832Z] User: Canner_Team (ID: 1335414289) clicked BALANCE
[2024-05-18T13:20:12.561Z] User: Furymuse (ID: 2088746736) clicked BOT_GUIDE
[2024-05-18T13:20:12.571Z] User: Canner_Team (ID: 1335414289) clicked BALANCE
[2024-05-18T13:20:12.617Z] User: Furymuse (ID: 2088746736) clicked BALANCE
[2024-05-18T13:20:30.615Z] User: Canner_Team (ID: 1335414289) clicked ACTIVATE
[2024-05-18T13:23:50.935Z] User: Canner_Team (ID: 1335414289) clicked SETTINGS
[2024-05-18T13:23:56.047Z] User: Canner_Team (ID: 1335414289) clicked EDIT_TRADE_VALUE
[2024-05-18T13:32:46.618Z] User: Furymuse (ID: 2088746736) clicked BOT_GUIDE
[2024-05-18T13:33:20.476Z] User: Furymuse (ID: 2088746736) clicked FAQ
[2024-05-18T14:11:12.957Z] User: undefined (ID: 6057481349) clicked BALANCE
[2024-05-18T14:36:55.949Z] User: undefined (ID: 7004088797) clicked BALANCE
[2024-05-18T14:37:12.115Z] User: Furymuse (ID: 2088746736) clicked BALANCE
[2024-05-18T15:13:33.654Z] User: undefined (ID: 6057481349) clicked BALANCE
[2024-05-18T15:16:44.509Z] User: Furymuse (ID: 2088746736) clicked BALANCE
[2024-05-18T15:16:57.685Z] User: undefined (ID: 7004088797) clicked BALANCE
[2024-05-18T15:46:07.907Z] User: Furymuse (ID: 2088746736) clicked BALANCE
[2024-05-18T15:46:39.987Z] User: undefined (ID: 7004088797) clicked BALANCE
[2024-05-18T16:03:29.355Z] User: Furymuse (ID: 2088746736) clicked BALANCE
[2024-05-18T16:22:54.544Z] User: Furymuse (ID: 2088746736) clicked BALANCE
[2024-05-18T16:25:01.434Z] User: undefined (ID: 7004088797) clicked BALANCE
[2024-05-18T16:28:46.872Z] User: undefined (ID: 6057481349) clicked BALANCE
[2024-05-18T16:50:06.312Z] User: undefined (ID: 6057481349) clicked BALANCE
[2024-05-18T16:50:13.628Z] User: undefined (ID: 6057481349) clicked SETTINGS
[2024-05-18T16:50:15.451Z] User: undefined (ID: 6057481349) clicked EDIT_TRADE_VALUE
[2024-05-18T16:50:39.357Z] User: undefined (ID: 6057481349) clicked EDIT_TRADE_VALUE
[2024-05-18T16:50:46.895Z] User: undefined (ID: 6057481349) clicked SETTINGS
[2024-05-18T17:04:00.679Z] User: undefined (ID: 6057481349) clicked SETTINGS
[2024-05-18T17:09:17.676Z] User: Canner_Team (ID: 1335414289) clicked BALANCE
[2024-05-18T17:22:54.927Z] User: undefined (ID: 6057481349) clicked SETTINGS
[2024-05-18T17:22:56.486Z] User: undefined (ID: 6057481349) clicked EDIT_TRADE_VALUE
[2024-05-18T17:23:20.458Z] User: undefined (ID: 6057481349) clicked EDIT_TRADE_VALUE
[2024-05-18T17:23:31.151Z] User: undefined (ID: 6057481349) clicked SETTINGS
[2024-05-18T17:25:30.986Z] User: undefined (ID: 6057481349) clicked EDIT_TRADE_VALUE
[2024-05-18T17:26:27.237Z] User: undefined (ID: 6057481349) clicked EDIT_TP1_AMOUNT
[2024-05-18T17:26:35.558Z] User: undefined (ID: 6057481349) clicked SETTINGS
[2024-05-18T17:26:42.585Z] User: undefined (ID: 6057481349) clicked EDIT_TP2_AMOUNT
[2024-05-18T17:26:51.012Z] User: undefined (ID: 6057481349) clicked EDIT_TRADE_VALUE
[2024-05-18T17:26:56.049Z] User: undefined (ID: 6057481349) clicked SETTINGS
[2024-05-18T17:27:06.519Z] User: undefined (ID: 6057481349) clicked EDIT_TRADE_VALUE
[2024-05-18T17:27:16.018Z] User: undefined (ID: 6057481349) clicked SETTINGS
[2024-05-18T17:28:44.264Z] User: undefined (ID: 6057481349) clicked BALANCE
[2024-05-18T17:37:28.973Z] User: Furymuse (ID: 2088746736) clicked BALANCE
[2024-05-18T18:30:57.519Z] User: Furymuse (ID: 2088746736) clicked BALANCE
[2024-05-18T18:31:21.129Z] User: undefined (ID: 7004088797) clicked BALANCE
[2024-05-18T18:48:03.167Z] User: Canner_Team (ID: 1335414289) clicked BALANCE
[2024-05-18T18:58:02.050Z] User: undefined (ID: 6057481349) clicked BALANCE
[2024-05-18T19:13:48.175Z] User: Furymuse (ID: 2088746736) clicked BALANCE
[2024-05-18T19:14:05.454Z] User: undefined (ID: 7004088797) clicked BALANCE
[2024-05-18T19:23:02.753Z] User: Furymuse (ID: 2088746736) clicked BALANCE
[2024-05-18T19:23:26.523Z] User: Furymuse (ID: 2088746736) clicked SETTINGS
[2024-05-18T19:24:02.897Z] User: undefined (ID: 7004088797) clicked BALANCE
[2024-05-18T19:33:36.795Z] User: Furymuse (ID: 2088746736) clicked BALANCE
[2024-05-18T19:45:53.022Z] User: Furymuse (ID: 2088746736) clicked BALANCE
[2024-05-18T20:00:00.499Z] User: Furymuse (ID: 2088746736) clicked SETTINGS
[2024-05-18T20:11:29.567Z] User: Canner_Team (ID: 1335414289) clicked BALANCE
[2024-05-18T20:12:22.472Z] User: Furymuse (ID: 2088746736) clicked BALANCE
[2024-05-18T20:22:47.965Z] User: Furymuse (ID: 2088746736) clicked BALANCE
[2024-05-18T20:26:51.177Z] User: Furymuse (ID: 2088746736) clicked BALANCE
[2024-05-18T20:35:58.524Z] User: undefined (ID: 6057481349) clicked BALANCE
[2024-05-18T20:53:28.241Z] User: Canner_Team (ID: 1335414289) clicked BALANCE
[2024-05-18T20:59:57.621Z] User: Furymuse (ID: 2088746736) clicked BALANCE
[2024-05-18T21:14:29.200Z] User: Furymuse (ID: 2088746736) clicked BALANCE
[2024-05-18T21:16:54.448Z] User: undefined (ID: 7004088797) clicked BALANCE
[2024-05-18T21:44:05.940Z] User: Furymuse (ID: 2088746736) clicked BALANCE
[2024-05-18T22:18:58.636Z] User: Furymuse (ID: 2088746736) clicked BALANCE
[2024-05-18T22:19:19.763Z] User: undefined (ID: 7004088797) clicked BALANCE
[2024-05-18T22:43:43.070Z] User: Furymuse (ID: 2088746736) clicked BALANCE
[2024-05-18T23:23:33.607Z] User: undefined (ID: 6057481349) clicked BALANCE
[2024-05-18T23:23:51.456Z] User: undefined (ID: 6057481349) clicked SETTINGS
[2024-05-18T23:23:54.522Z] User: undefined (ID: 6057481349) clicked EDIT_TRADE_VALUE
[2024-05-18T23:24:11.321Z] User: undefined (ID: 6057481349) clicked EDIT_TRADE_VALUE
[2024-05-18T23:30:32.217Z] User: Furymuse (ID: 2088746736) clicked BALANCE
[2024-05-18T23:31:16.875Z] User: undefined (ID: 7004088797) clicked BALANCE
[2024-05-18T23:50:24.141Z] User: Canner_Team (ID: 1335414289) clicked BALANCE
[2024-05-19T00:31:53.222Z] User: Furymuse (ID: 2088746736) clicked BALANCE
[2024-05-19T00:32:20.740Z] User: undefined (ID: 7004088797) clicked BALANCE
[2024-05-19T00:34:52.579Z] User: undefined (ID: 6057481349) clicked BALANCE
[2024-05-19T01:18:19.262Z] User: Furymuse (ID: 2088746736) clicked BALANCE
[2024-05-19T07:08:38.595Z] User: Canner_Team (ID: 1335414289) clicked BALANCE
[2024-05-19T07:40:03.874Z] User: Furymuse (ID: 2088746736) clicked BALANCE
[2024-05-19T09:44:13.615Z] User: Furymuse (ID: 2088746736) clicked BALANCE
[2024-05-19T10:17:03.716Z] User: Furymuse (ID: 2088746736) clicked BALANCE
[2024-05-19T10:40:47.760Z] User: undefined (ID: 7004088797) clicked BALANCE
[2024-05-19T10:41:15.670Z] User: Furymuse (ID: 2088746736) clicked BALANCE
[2024-05-19T10:42:56.908Z] User: undefined (ID: 7004088797) clicked SELLALL
[2024-05-19T10:42:58.295Z] User: undefined (ID: 7004088797) clicked SELL_100
[2024-05-19T10:43:15.252Z] User: undefined (ID: 7004088797) clicked SELL_100
[2024-05-19T11:02:56.033Z] User: undefined (ID: 7004088797) clicked BALANCE
[2024-05-19T11:02:56.193Z] User: undefined (ID: 7004088797) clicked BALANCE
[2024-05-19T11:03:18.512Z] User: undefined (ID: 7004088797) clicked SELL_100
[2024-05-19T11:04:48.717Z] User: undefined (ID: 7004088797) clicked BALANCE
[2024-05-19T11:04:58.868Z] User: undefined (ID: 7004088797) clicked DEACTIVATE
[2024-05-19T11:05:57.474Z] User: undefined (ID: 7004088797) clicked WITHDRAW
[2024-05-19T11:06:32.016Z] User: undefined (ID: 7004088797) clicked WITHDRAW
[2024-05-19T11:06:42.415Z] User: undefined (ID: 7004088797) clicked WITHDRAW
[2024-05-19T11:10:21.702Z] User: undefined (ID: 7004088797) clicked WITHDRAW
[2024-05-19T11:12:35.276Z] User: undefined (ID: 7004088797) clicked WITHDRAW
[2024-05-19T11:15:06.001Z] User: undefined (ID: 7004088797) clicked WITHDRAW
[2024-05-19T11:17:22.480Z] User: undefined (ID: 7004088797) clicked WITHDRAW
[2024-05-19T11:20:45.058Z] User: undefined (ID: 7004088797) clicked WITHDRAW
[2024-05-19T11:30:30.643Z] User: undefined (ID: 6057481349) clicked BALANCE
[2024-05-19T11:37:41.263Z] User: undefined (ID: 7004088797) clicked WITHDRAW
[2024-05-19T11:40:13.637Z] User: undefined (ID: 7004088797) clicked WITHDRAW
[2024-05-19T11:41:03.619Z] User: undefined (ID: 7004088797) clicked BALANCE
[2024-05-19T11:41:12.257Z] User: undefined (ID: 7004088797) clicked WITHDRAW
[2024-05-19T11:45:25.781Z] User: Furymuse (ID: 2088746736) clicked BALANCE
[2024-05-19T11:45:48.339Z] User: Furymuse (ID: 2088746736) clicked WITHDRAW
[2024-05-19T11:50:04.601Z] User: undefined (ID: 7004088797) clicked WITHDRAW
[2024-05-19T11:51:20.014Z] User: undefined (ID: 7004088797) clicked WITHDRAW
[2024-05-19T11:52:15.297Z] User: undefined (ID: 7004088797) clicked BALANCE
[2024-05-19T11:52:24.208Z] User: undefined (ID: 7004088797) clicked SETTINGS
[2024-05-19T11:52:26.826Z] User: undefined (ID: 7004088797) clicked EDIT_TP1_AMOUNT
[2024-05-19T11:54:47.272Z] User: undefined (ID: 7004088797) clicked EDIT_TP1_AMOUNT
[2024-05-19T11:58:18.309Z] User: undefined (ID: 7004088797) clicked WITHDRAW
[2024-05-19T12:01:15.443Z] User: undefined (ID: 7004088797) clicked SETTINGS
[2024-05-19T12:01:21.986Z] User: undefined (ID: 7004088797) clicked EDIT_TP1_AMOUNT
[2024-05-19T12:01:30.443Z] User: undefined (ID: 7004088797) clicked WITHDRAW
[2024-05-19T12:06:15.222Z] User: undefined (ID: 7004088797) clicked WITHDRAW
[2024-05-19T12:08:02.497Z] User: undefined (ID: 7004088797) clicked WITHDRAW
[2024-05-19T12:10:44.245Z] User: undefined (ID: 7004088797) clicked WITHDRAW
[2024-05-19T12:20:27.763Z] User: undefined (ID: 7004088797) clicked WITHDRAW
[2024-05-19T12:38:36.733Z] User: undefined (ID: 7004088797) clicked BALANCE
[2024-05-19T12:41:49.573Z] User: undefined (ID: 7004088797) clicked BALANCE
[2024-05-19T12:42:33.453Z] User: undefined (ID: 7004088797) clicked SETTINGS
[2024-05-19T12:53:38.098Z] User: undefined (ID: 7004088797) clicked WITHDRAW
[2024-05-19T12:57:23.746Z] User: undefined (ID: 7004088797) clicked WITHDRAW
[2024-05-19T13:31:55.590Z] User: undefined (ID: 7004088797) clicked WITHDRAW
[2024-05-19T13:36:42.875Z] User: undefined (ID: 7004088797) clicked WITHDRAW
[2024-05-19T13:37:55.633Z] User: undefined (ID: 7004088797) clicked BALANCE
[2024-05-19T13:39:33.861Z] User: undefined (ID: 7004088797) clicked BALANCE
[2024-05-19T13:39:44.979Z] User: undefined (ID: 7004088797) clicked SETTINGS
[2024-05-19T13:39:53.536Z] User: undefined (ID: 7004088797) clicked WITHDRAW
[2024-05-19T13:40:37.677Z] User: undefined (ID: 7004088797) clicked WITHDRAW
[2024-05-19T13:41:06.711Z] User: undefined (ID: 7004088797) clicked WITHDRAW
[2024-05-19T13:44:21.604Z] User: undefined (ID: 7004088797) clicked WITHDRAW
[2024-05-19T13:44:43.928Z] User: undefined (ID: 7004088797) clicked BALANCE
[2024-05-19T13:49:26.202Z] User: Canner_Team (ID: 1335414289) clicked BALANCE
[2024-05-19T13:49:58.581Z] User: Furymuse (ID: 2088746736) clicked BALANCE
[2024-05-19T13:53:01.149Z] User: Canner_Team (ID: 1335414289) clicked SELLALL
[2024-05-19T13:53:04.658Z] User: Canner_Team (ID: 1335414289) clicked SELL_100
[2024-05-19T13:54:30.745Z] User: Furymuse (ID: 2088746736) clicked SELLALL
[2024-05-19T13:54:34.614Z] User: Furymuse (ID: 2088746736) clicked SELL_100
[2024-05-19T13:56:40.328Z] User: Canner_Team (ID: 1335414289) clicked BALANCE
[2024-05-19T14:00:19.312Z] User: Canner_Team (ID: 1335414289) clicked DEACTIVATE
[2024-05-19T14:00:28.131Z] User: Canner_Team (ID: 1335414289) clicked SELLALL
[2024-05-19T14:00:29.919Z] User: Canner_Team (ID: 1335414289) clicked SELL_100
[2024-05-19T14:06:16.728Z] User: Canner_Team (ID: 1335414289) clicked BALANCE
[2024-05-19T14:06:32.056Z] User: Canner_Team (ID: 1335414289) clicked SELL_100
[2024-05-19T14:07:28.893Z] User: Canner_Team (ID: 1335414289) clicked BALANCE
[2024-05-19T14:08:12.783Z] User: Canner_Team (ID: 1335414289) clicked SETTINGS
[2024-05-19T14:08:17.380Z] User: Canner_Team (ID: 1335414289) clicked EDIT_TRADE_VALUE
[2024-05-19T14:08:51.007Z] User: Canner_Team (ID: 1335414289) clicked SETTINGS
[2024-05-19T14:08:54.775Z] User: Canner_Team (ID: 1335414289) clicked EDIT_TRADE_VALUE
[2024-05-19T14:09:46.066Z] User: Canner_Team (ID: 1335414289) clicked EDIT_TRADE_VALUE
[2024-05-19T14:11:43.892Z] User: Furymuse (ID: 2088746736) clicked SETTINGS
[2024-05-19T14:11:45.959Z] User: Furymuse (ID: 2088746736) clicked EDIT_TRADE_VALUE
[2024-05-19T14:12:48.433Z] User: Furymuse (ID: 2088746736) clicked EDIT_TP1_AMOUNT
[2024-05-19T14:15:21.653Z] User: Furymuse (ID: 2088746736) clicked EDIT_TP2_AMOUNT
[2024-05-19T14:17:54.682Z] User: Canner_Team (ID: 1335414289) clicked SETTINGS
[2024-05-19T14:21:56.399Z] User: Furymuse (ID: 2088746736) clicked SETTINGS
[2024-05-19T14:23:41.888Z] User: Furymuse (ID: 2088746736) clicked SETTINGS
[2024-05-19T14:23:44.312Z] User: Furymuse (ID: 2088746736) clicked EDIT_TP1_AMOUNT
[2024-05-19T14:24:21.755Z] User: Furymuse (ID: 2088746736) clicked WITHDRAW
[2024-05-19T14:24:26.950Z] User: Furymuse (ID: 2088746736) clicked BALANCE
[2024-05-19T14:24:38.087Z] User: Furymuse (ID: 2088746736) clicked SETTINGS
[2024-05-19T14:24:40.323Z] User: Furymuse (ID: 2088746736) clicked EDIT_TRADE_VALUE
[2024-05-19T14:25:16.729Z] User: Furymuse (ID: 2088746736) clicked WITHDRAW
[2024-05-19T14:25:34.611Z] User: Canner_Team (ID: 1335414289) clicked EDIT_TRADE_VALUE
[2024-05-19T14:25:47.536Z] User: Canner_Team (ID: 1335414289) clicked SETTINGS
[2024-05-19T14:26:48.790Z] User: Canner_Team (ID: 1335414289) clicked ACTIVATE
[2024-05-19T14:27:55.697Z] User: Canner_Team (ID: 1335414289) clicked BALANCE
[2024-05-19T14:34:30.480Z] User: Canner_Team (ID: 1335414289) clicked ACTIVATE
[2024-05-19T14:34:55.641Z] User: Canner_Team (ID: 1335414289) clicked BALANCE
[2024-05-19T14:39:28.138Z] User: Canner_Team (ID: 1335414289) clicked BALANCE
[2024-05-19T14:40:31.344Z] User: Canner_Team (ID: 1335414289) clicked ACTIVATE
[2024-05-19T14:47:49.177Z] User: Canner_Team (ID: 1335414289) clicked BALANCE
[2024-05-19T14:53:20.603Z] User: undefined (ID: 6057481349) clicked BALANCE
[2024-05-19T15:41:52.181Z] User: Furymuse (ID: 2088746736) clicked BALANCE
[2024-05-19T16:48:30.986Z] User: Canner_Team (ID: 1335414289) clicked BALANCE
[2024-05-19T16:49:19.215Z] User: Furymuse (ID: 2088746736) clicked BALANCE
[2024-05-19T16:50:06.811Z] User: Furymuse (ID: 2088746736) clicked BALANCE
[2024-05-19T17:02:46.700Z] User: Furymuse (ID: 2088746736) clicked SELLALL
[2024-05-19T17:02:52.418Z] User: Furymuse (ID: 2088746736) clicked SELL_100
[2024-05-19T17:07:16.401Z] User: Furymuse (ID: 2088746736) clicked SELL_100
[2024-05-19T17:13:23.322Z] User: Furymuse (ID: 2088746736) clicked SELL_100
[2024-05-19T17:14:36.580Z] User: Furymuse (ID: 2088746736) clicked BALANCE
[2024-05-19T17:17:59.620Z] User: Furymuse (ID: 2088746736) clicked SETTINGS
[2024-05-19T17:18:03.835Z] User: Furymuse (ID: 2088746736) clicked EDIT_TP1_AMOUNT
[2024-05-19T17:18:10.531Z] User: Furymuse (ID: 2088746736) clicked EDIT_TP2_AMOUNT
[2024-05-19T17:18:18.322Z] User: Furymuse (ID: 2088746736) clicked EDIT_TRADE_VALUE
[2024-05-19T17:20:33.924Z] User: undefined (ID: 6057481349) clicked BALANCE
[2024-05-19T17:27:08.954Z] User: undefined (ID: 6057481349) clicked SELLALL
[2024-05-19T17:27:11.059Z] User: undefined (ID: 6057481349) clicked SELL_100
[2024-05-19T17:30:17.207Z] User: undefined (ID: 6057481349) clicked SELLALL
[2024-05-19T17:30:19.374Z] User: undefined (ID: 6057481349) clicked SELL_100
[2024-05-19T17:32:27.069Z] User: undefined (ID: 6057481349) clicked BALANCE
[2024-05-19T17:42:28.241Z] User: Furymuse (ID: 2088746736) clicked BALANCE
[2024-05-19T17:51:09.681Z] User: Canner_Team (ID: 1335414289) clicked BALANCE
[2024-05-19T17:51:30.615Z] User: Canner_Team (ID: 1335414289) clicked SELLALL
[2024-05-19T17:51:33.235Z] User: Canner_Team (ID: 1335414289) clicked SELL_100
[2024-05-19T17:52:51.484Z] User: Canner_Team (ID: 1335414289) clicked BALANCE
[2024-05-19T18:23:54.921Z] User: undefined (ID: 6057481349) clicked BALANCE
[2024-05-19T18:41:04.800Z] User: Canner_Team (ID: 1335414289) clicked ACTIVATE
[2024-05-19T19:07:14.403Z] User: Furymuse (ID: 2088746736) clicked BALANCE
[2024-05-19T19:19:23.756Z] User: Canner_Team (ID: 1335414289) clicked SOL_TO_USDC
[2024-05-19T19:20:37.159Z] User: undefined (ID: 6057481349) clicked BALANCE
[2024-05-19T19:21:23.407Z] User: Furymuse (ID: 2088746736) clicked BALANCE
[2024-05-19T19:21:59.719Z] User: Canner_Team (ID: 1335414289) clicked BALANCE
[2024-05-19T19:22:24.575Z] User: Canner_Team (ID: 1335414289) clicked ACTIVATE
[2024-05-19T19:48:38.984Z] User: Canner_Team (ID: 1335414289) clicked BALANCE
[2024-05-19T20:08:33.367Z] User: Furymuse (ID: 2088746736) clicked BALANCE
[2024-05-19T20:18:12.833Z] User: Canner_Team (ID: 1335414289) clicked BALANCE
[2024-05-19T20:24:21.492Z] User: Canner_Team (ID: 1335414289) clicked SETTINGS
[2024-05-19T20:35:31.689Z] User: Canner_Team (ID: 1335414289) clicked SETTINGS
[2024-05-19T20:35:33.165Z] User: Canner_Team (ID: 1335414289) clicked EDIT_TRADE_VALUE
[2024-05-19T20:37:27.197Z] User: Furymuse (ID: 2088746736) clicked EDIT_TRADE_VALUE
[2024-05-19T20:37:40.547Z] User: Furymuse (ID: 2088746736) clicked BALANCE
[2024-05-19T20:51:10.281Z] User: Furymuse (ID: 2088746736) clicked BALANCE
[2024-05-19T21:39:23.198Z] User: Canner_Team (ID: 1335414289) clicked BALANCE
[2024-05-19T22:17:39.715Z] User: Furymuse (ID: 2088746736) clicked BALANCE
[2024-05-19T22:18:11.501Z] User: Furymuse (ID: 2088746736) clicked BALANCE
[2024-05-19T22:21:40.809Z] User: Furymuse (ID: 2088746736) clicked BALANCE
[2024-05-19T22:22:04.160Z] User: Furymuse (ID: 2088746736) clicked SETTINGS
[2024-05-19T22:22:05.649Z] User: Furymuse (ID: 2088746736) clicked EDIT_TRADE_VALUE
[2024-05-19T22:25:27.937Z] User: Furymuse (ID: 2088746736) clicked BALANCE
[2024-05-19T22:25:44.831Z] User: Furymuse (ID: 2088746736) clicked BALANCE
[2024-05-19T22:26:13.093Z] User: Furymuse (ID: 2088746736) clicked BALANCE
[2024-05-19T22:27:22.811Z] User: Furymuse (ID: 2088746736) clicked BALANCE
[2024-05-19T22:32:46.782Z] User: Furymuse (ID: 2088746736) clicked BALANCE
[2024-05-19T22:39:01.758Z] User: Furymuse (ID: 2088746736) clicked BALANCE
[2024-05-19T22:54:27.283Z] User: Furymuse (ID: 2088746736) clicked BALANCE
[2024-05-19T23:12:32.329Z] User: Furymuse (ID: 2088746736) clicked BALANCE
[2024-05-19T23:49:26.356Z] User: undefined (ID: 6057481349) clicked BALANCE
[2024-05-20T00:07:57.977Z] User: Furymuse (ID: 2088746736) clicked BALANCE
[2024-05-20T00:09:07.712Z] User: undefined (ID: 6057481349) clicked BALANCE
[2024-05-20T00:36:00.658Z] User: Furymuse (ID: 2088746736) clicked BALANCE
[2024-05-20T01:14:50.553Z] User: Furymuse (ID: 2088746736) clicked BALANCE
[2024-05-20T01:25:49.428Z] User: Furymuse (ID: 2088746736) clicked BALANCE
[2024-05-20T01:45:00.573Z] User: Furymuse (ID: 2088746736) clicked BALANCE
[2024-05-20T01:59:20.257Z] User: Furymuse (ID: 2088746736) clicked BALANCE
[2024-05-20T02:08:35.800Z] User: Furymuse (ID: 2088746736) clicked BALANCE
[2024-05-20T02:14:23.408Z] User: Furymuse (ID: 2088746736) clicked BALANCE
[2024-05-20T02:23:05.914Z] User: Furymuse (ID: 2088746736) clicked BALANCE
[2024-05-20T02:44:03.591Z] User: Furymuse (ID: 2088746736) clicked BALANCE
[2024-05-20T02:50:50.950Z] User: Furymuse (ID: 2088746736) clicked BALANCE
[2024-05-20T02:57:13.430Z] User: Furymuse (ID: 2088746736) clicked SETTINGS
[2024-05-20T02:57:29.210Z] User: Furymuse (ID: 2088746736) clicked EDIT_TP1_AMOUNT
[2024-05-20T02:57:48.357Z] User: Furymuse (ID: 2088746736) clicked BALANCE
[2024-05-20T03:09:13.705Z] User: Furymuse (ID: 2088746736) clicked BALANCE
[2024-05-20T03:24:00.317Z] User: Furymuse (ID: 2088746736) clicked BALANCE
[2024-05-20T05:58:25.248Z] User: Furymuse (ID: 2088746736) clicked BALANCE
[2024-05-20T08:36:43.696Z] User: Canner_Team (ID: 1335414289) clicked BALANCE
[2024-05-20T09:01:46.395Z] User: undefined (ID: 6057481349) clicked BALANCE
[2024-05-20T09:34:34.567Z] User: Furymuse (ID: 2088746736) clicked BALANCE
[2024-05-20T10:16:10.549Z] User: Furymuse (ID: 2088746736) clicked BALANCE
[2024-05-20T10:16:51.479Z] User: Furymuse (ID: 2088746736) clicked BALANCE
[2024-05-20T10:17:53.777Z] User: Canner_Team (ID: 1335414289) clicked BALANCE
[2024-05-20T10:18:18.210Z] User: Canner_Team (ID: 1335414289) clicked BALANCE
[2024-05-20T10:20:17.350Z] User: Furymuse (ID: 2088746736) clicked BALANCE
[2024-05-20T10:20:17.379Z] User: Furymuse (ID: 2088746736) clicked BALANCE
[2024-05-20T10:20:23.592Z] User: Furymuse (ID: 2088746736) clicked BALANCE
[2024-05-20T10:26:24.128Z] User: Furymuse (ID: 2088746736) clicked BALANCE
[2024-05-20T10:29:07.789Z] User: Canner_Team (ID: 1335414289) clicked BALANCE
[2024-05-20T11:22:01.286Z] User: Furymuse (ID: 2088746736) clicked BALANCE
[2024-05-20T11:22:24.985Z] User: Canner_Team (ID: 1335414289) clicked BALANCE
[2024-05-20T11:34:43.850Z] User: Furymuse (ID: 2088746736) clicked BALANCE
[2024-05-20T11:35:38.350Z] User: undefined (ID: 6057481349) clicked BALANCE
[2024-05-20T11:53:07.261Z] User: Furymuse (ID: 2088746736) clicked BALANCE
[2024-05-20T12:18:10.837Z] User: Canner_Team (ID: 1335414289) clicked BALANCE
[2024-05-20T12:18:50.666Z] User: Furymuse (ID: 2088746736) clicked BALANCE
[2024-05-20T12:31:30.069Z] User: undefined (ID: 6057481349) clicked BALANCE
[2024-05-20T12:39:49.785Z] User: Furymuse (ID: 2088746736) clicked BALANCE
[2024-05-20T12:43:20.830Z] User: Furymuse (ID: 2088746736) clicked BALANCE
[2024-05-20T12:44:46.898Z] User: Furymuse (ID: 2088746736) clicked BALANCE
[2024-05-20T12:46:45.439Z] User: Furymuse (ID: 2088746736) clicked BALANCE
[2024-05-20T12:47:52.524Z] User: Furymuse (ID: 2088746736) clicked BALANCE
[2024-05-20T12:48:48.750Z] User: Furymuse (ID: 2088746736) clicked BALANCE
[2024-05-20T12:58:27.310Z] User: Canner_Team (ID: 1335414289) clicked BALANCE
[2024-05-20T12:58:40.697Z] User: Canner_Team (ID: 1335414289) clicked BALANCE
[2024-05-20T12:58:43.346Z] User: Furymuse (ID: 2088746736) clicked BALANCE
[2024-05-20T13:28:31.684Z] User: Furymuse (ID: 2088746736) clicked BALANCE
[2024-05-20T13:40:52.155Z] User: Furymuse (ID: 2088746736) clicked BALANCE
[2024-05-20T13:46:57.232Z] User: undefined (ID: 6057481349) clicked BALANCE
[2024-05-20T14:00:48.114Z] User: Champ2410 (ID: 1888645797) clicked SETTINGS
[2024-05-20T14:00:58.593Z] User: Champ2410 (ID: 1888645797) clicked EDIT_TRADE_VALUE
[2024-05-20T14:01:23.796Z] User: Champ2410 (ID: 1888645797) clicked BOT_GUIDE
[2024-05-20T14:02:23.894Z] User: Champ2410 (ID: 1888645797) clicked USDT_TO_USDC
[2024-05-20T14:02:29.523Z] User: Champ2410 (ID: 1888645797) clicked USDT_TO_USDC
[2024-05-20T14:02:32.318Z] User: Champ2410 (ID: 1888645797) clicked ACTIVATE
[2024-05-20T14:02:34.810Z] User: Champ2410 (ID: 1888645797) clicked ACTIVATE
[2024-05-20T14:02:40.421Z] User: Champ2410 (ID: 1888645797) clicked ACTIVATE
[2024-05-20T14:02:40.422Z] User: Champ2410 (ID: 1888645797) clicked ACTIVATE
[2024-05-20T14:03:09.088Z] User: Champ2410 (ID: 1888645797) clicked BALANCE
[2024-05-20T14:12:51.137Z] User: Furymuse (ID: 2088746736) clicked BALANCE
[2024-05-20T14:29:32.691Z] User: Furymuse (ID: 2088746736) clicked BALANCE
[2024-05-20T14:39:31.832Z] User: Furymuse (ID: 2088746736) clicked BALANCE
[2024-05-20T14:52:17.486Z] User: Furymuse (ID: 2088746736) clicked FAQ
[2024-05-20T15:02:38.985Z] User: Furymuse (ID: 2088746736) clicked BALANCE
[2024-05-20T15:47:22.065Z] User: Furymuse (ID: 2088746736) clicked BALANCE
[2024-05-20T16:00:26.598Z] User: JIMMYDEANMCBEAN (ID: 2118422500) clicked BALANCE
[2024-05-20T16:00:35.822Z] User: JIMMYDEANMCBEAN (ID: 2118422500) clicked SETTINGS
[2024-05-20T16:00:52.564Z] User: JIMMYDEANMCBEAN (ID: 2118422500) clicked EDIT_TRADE_VALUE
[2024-05-20T16:01:29.818Z] User: JIMMYDEANMCBEAN (ID: 2118422500) clicked EDIT_TP1_AMOUNT
[2024-05-20T16:01:41.306Z] User: JIMMYDEANMCBEAN (ID: 2118422500) clicked SETTINGS
[2024-05-20T16:05:49.505Z] User: JIMMYDEANMCBEAN (ID: 2118422500) clicked BALANCE
[2024-05-20T16:12:08.741Z] User: undefined (ID: 6057481349) clicked BALANCE
[2024-05-20T16:25:14.391Z] User: Furymuse (ID: 2088746736) clicked BALANCE
[2024-05-20T16:30:37.645Z] User: JIMMYDEANMCBEAN (ID: 2118422500) clicked BALANCE
[2024-05-20T16:33:34.757Z] User: JIMMYDEANMCBEAN (ID: 2118422500) clicked BALANCE
[2024-05-20T16:33:55.331Z] User: JIMMYDEANMCBEAN (ID: 2118422500) clicked ACTIVATE
[2024-05-20T16:36:13.735Z] User: JIMMYDEANMCBEAN (ID: 2118422500) clicked BOT_GUIDE
[2024-05-20T16:37:14.139Z] User: JIMMYDEANMCBEAN (ID: 2118422500) clicked FAQ
[2024-05-20T16:47:34.935Z] User: Furymuse (ID: 2088746736) clicked BALANCE
[2024-05-20T17:09:15.107Z] User: undefined (ID: 6057481349) clicked BALANCE
[2024-05-20T17:15:06.891Z] User: undefined (ID: 6057481349) clicked SETTINGS
[2024-05-20T17:15:08.354Z] User: JIMMYDEANMCBEAN (ID: 2118422500) clicked BALANCE
[2024-05-20T17:15:10.221Z] User: undefined (ID: 6057481349) clicked EDIT_TRADE_VALUE
[2024-05-20T17:15:11.289Z] User: Furymuse (ID: 2088746736) clicked BALANCE
[2024-05-20T17:20:57.980Z] User: JIMMYDEANMCBEAN (ID: 2118422500) clicked BALANCE
[2024-05-20T17:21:37.214Z] User: Furymuse (ID: 2088746736) clicked BALANCE
[2024-05-20T17:36:08.852Z] User: Furymuse (ID: 2088746736) clicked BALANCE
[2024-05-20T17:38:38.162Z] User: JIMMYDEANMCBEAN (ID: 2118422500) clicked BALANCE
[2024-05-20T17:41:46.217Z] User: Furymuse (ID: 2088746736) clicked BALANCE
[2024-05-20T17:54:29.635Z] User: Furymuse (ID: 2088746736) clicked BALANCE
[2024-05-20T18:03:27.233Z] User: Furymuse (ID: 2088746736) clicked BALANCE
[2024-05-20T18:11:45.905Z] User: Canner_Team (ID: 1335414289) clicked BALANCE
[2024-05-20T18:11:58.816Z] User: JIMMYDEANMCBEAN (ID: 2118422500) clicked BALANCE
[2024-05-20T18:13:42.723Z] User: Furymuse (ID: 2088746736) clicked BALANCE
[2024-05-20T18:16:15.111Z] User: JIMMYDEANMCBEAN (ID: 2118422500) clicked BALANCE
[2024-05-20T18:27:22.132Z] User: Furymuse (ID: 2088746736) clicked BALANCE
[2024-05-20T18:32:10.634Z] User: Furymuse (ID: 2088746736) clicked BALANCE
[2024-05-20T18:35:24.014Z] User: Furymuse (ID: 2088746736) clicked BALANCE
[2024-05-20T18:38:35.936Z] User: Furymuse (ID: 2088746736) clicked BALANCE
[2024-05-20T18:40:33.742Z] User: Furymuse (ID: 2088746736) clicked BALANCE
[2024-05-20T18:44:29.530Z] User: Furymuse (ID: 2088746736) clicked BALANCE
[2024-05-20T18:50:41.365Z] User: Furymuse (ID: 2088746736) clicked BALANCE
[2024-05-20T18:51:47.450Z] User: Canner_Team (ID: 1335414289) clicked BALANCE
[2024-05-20T19:04:07.211Z] User: Furymuse (ID: 2088746736) clicked BALANCE
[2024-05-20T19:09:37.405Z] User: JIMMYDEANMCBEAN (ID: 2118422500) clicked BALANCE
[2024-05-20T19:12:52.757Z] User: Furymuse (ID: 2088746736) clicked BALANCE
[2024-05-20T19:16:46.509Z] User: Furymuse (ID: 2088746736) clicked BALANCE
[2024-05-20T19:20:18.444Z] User: Furymuse (ID: 2088746736) clicked BALANCE
[2024-05-20T19:21:41.237Z] User: Furymuse (ID: 2088746736) clicked BALANCE
[2024-05-20T19:25:18.712Z] User: Furymuse (ID: 2088746736) clicked BALANCE
[2024-05-20T19:27:28.144Z] User: Furymuse (ID: 2088746736) clicked BALANCE
[2024-05-20T19:31:58.453Z] User: Furymuse (ID: 2088746736) clicked BALANCE
[2024-05-20T19:34:28.847Z] User: Furymuse (ID: 2088746736) clicked BALANCE
[2024-05-20T19:38:11.578Z] User: Furymuse (ID: 2088746736) clicked BALANCE
[2024-05-20T19:41:58.098Z] User: Furymuse (ID: 2088746736) clicked BALANCE
[2024-05-20T19:45:24.051Z] User: Furymuse (ID: 2088746736) clicked BALANCE
[2024-05-20T19:50:06.667Z] User: Furymuse (ID: 2088746736) clicked BALANCE
[2024-05-20T19:54:25.407Z] User: Furymuse (ID: 2088746736) clicked BALANCE
[2024-05-20T19:58:13.678Z] User: Furymuse (ID: 2088746736) clicked BALANCE
[2024-05-20T20:06:14.345Z] User: JIMMYDEANMCBEAN (ID: 2118422500) clicked BALANCE
[2024-05-20T20:10:18.392Z] User: Furymuse (ID: 2088746736) clicked BALANCE
[2024-05-20T20:14:23.699Z] User: Furymuse (ID: 2088746736) clicked BALANCE
[2024-05-20T20:18:31.078Z] User: Furymuse (ID: 2088746736) clicked BALANCE
[2024-05-20T20:18:54.659Z] User: JIMMYDEANMCBEAN (ID: 2118422500) clicked BALANCE
[2024-05-20T20:20:14.428Z] User: JIMMYDEANMCBEAN (ID: 2118422500) clicked SETTINGS
[2024-05-20T20:22:53.646Z] User: JIMMYDEANMCBEAN (ID: 2118422500) clicked EDIT_TRADE_VALUE
[2024-05-20T20:23:09.022Z] User: JIMMYDEANMCBEAN (ID: 2118422500) clicked SETTINGS
[2024-05-20T20:27:22.565Z] User: JIMMYDEANMCBEAN (ID: 2118422500) clicked EDIT_TRADE_VALUE
[2024-05-20T20:27:35.198Z] User: JIMMYDEANMCBEAN (ID: 2118422500) clicked SETTINGS
[2024-05-20T20:27:46.000Z] User: Furymuse (ID: 2088746736) clicked BALANCE
[2024-05-20T20:49:29.214Z] User: JIMMYDEANMCBEAN (ID: 2118422500) clicked EDIT_TRADE_VALUE
[2024-05-20T20:49:52.406Z] User: JIMMYDEANMCBEAN (ID: 2118422500) clicked EDIT_TP1_AMOUNT
[2024-05-20T20:50:19.860Z] User: JIMMYDEANMCBEAN (ID: 2118422500) clicked BALANCE
[2024-05-20T20:51:06.233Z] User: JIMMYDEANMCBEAN (ID: 2118422500) clicked SETTINGS
[2024-05-20T21:09:05.151Z] User: Canner_Team (ID: 1335414289) clicked BALANCE
[2024-05-20T21:32:39.541Z] User: Furymuse (ID: 2088746736) clicked BALANCE
[2024-05-20T21:53:40.416Z] User: JIMMYDEANMCBEAN (ID: 2118422500) clicked EDIT_TP1_AMOUNT
[2024-05-20T21:59:41.788Z] User: JIMMYDEANMCBEAN (ID: 2118422500) clicked EDIT_TRADE_VALUE
[2024-05-20T22:00:15.648Z] User: JIMMYDEANMCBEAN (ID: 2118422500) clicked SETTINGS
[2024-05-20T22:00:17.343Z] User: JIMMYDEANMCBEAN (ID: 2118422500) clicked BALANCE
[2024-05-20T22:00:17.658Z] User: JIMMYDEANMCBEAN (ID: 2118422500) clicked BALANCE
[2024-05-20T22:00:39.370Z] User: JIMMYDEANMCBEAN (ID: 2118422500) clicked BALANCE
[2024-05-20T22:21:47.435Z] User: Furymuse (ID: 2088746736) clicked BALANCE
[2024-05-20T22:23:24.427Z] User: Furymuse (ID: 2088746736) clicked BALANCE
[2024-05-20T22:26:17.730Z] User: Furymuse (ID: 2088746736) clicked BALANCE
[2024-05-20T22:32:25.230Z] User: Furymuse (ID: 2088746736) clicked BALANCE
[2024-05-20T22:39:53.572Z] User: Furymuse (ID: 2088746736) clicked BALANCE
[2024-05-20T23:03:02.149Z] User: Furymuse (ID: 2088746736) clicked BALANCE
[2024-05-20T23:07:28.477Z] User: Furymuse (ID: 2088746736) clicked BALANCE
[2024-05-20T23:32:08.146Z] User: Furymuse (ID: 2088746736) clicked BALANCE
[2024-05-20T23:34:54.780Z] User: JIMMYDEANMCBEAN (ID: 2118422500) clicked BALANCE
[2024-05-20T23:43:20.515Z] User: Furymuse (ID: 2088746736) clicked BALANCE
[2024-05-20T23:55:49.358Z] User: Furymuse (ID: 2088746736) clicked BALANCE
[2024-05-21T00:10:05.447Z] User: Furymuse (ID: 2088746736) clicked BALANCE
[2024-05-21T00:51:38.711Z] User: JIMMYDEANMCBEAN (ID: 2118422500) clicked BALANCE
[2024-05-21T01:27:57.287Z] User: JIMMYDEANMCBEAN (ID: 2118422500) clicked BALANCE
[2024-05-21T01:54:03.611Z] User: JIMMYDEANMCBEAN (ID: 2118422500) clicked SETTINGS
[2024-05-21T01:54:08.729Z] User: JIMMYDEANMCBEAN (ID: 2118422500) clicked EDIT_TP1_AMOUNT
[2024-05-21T01:54:29.003Z] User: JIMMYDEANMCBEAN (ID: 2118422500) clicked SETTINGS
[2024-05-21T01:54:42.489Z] User: JIMMYDEANMCBEAN (ID: 2118422500) clicked BALANCE
[2024-05-21T02:36:53.428Z] User: JIMMYDEANMCBEAN (ID: 2118422500) clicked BALANCE
[2024-05-21T02:50:17.295Z] User: JIMMYDEANMCBEAN (ID: 2118422500) clicked BALANCE
[2024-05-21T03:46:35.704Z] User: JIMMYDEANMCBEAN (ID: 2118422500) clicked BALANCE
[2024-05-21T03:47:58.106Z] User: JIMMYDEANMCBEAN (ID: 2118422500) clicked BALANCE
[2024-05-21T03:53:13.092Z] User: JIMMYDEANMCBEAN (ID: 2118422500) clicked BALANCE
[2024-05-21T03:59:39.978Z] User: JIMMYDEANMCBEAN (ID: 2118422500) clicked BOT_GUIDE
[2024-05-21T04:19:58.610Z] User: JIMMYDEANMCBEAN (ID: 2118422500) clicked BALANCE
[2024-05-21T07:52:27.009Z] User: Canner_Team (ID: 1335414289) clicked BALANCE
[2024-05-21T07:57:46.144Z] User: Furymuse (ID: 2088746736) clicked BALANCE
[2024-05-21T08:33:08.820Z] User: Furymuse (ID: 2088746736) clicked BALANCE
[2024-05-21T08:57:36.190Z] User: JIMMYDEANMCBEAN (ID: 2118422500) clicked BALANCE
[2024-05-21T09:26:21.388Z] User: undefined (ID: 6057481349) clicked BALANCE
[2024-05-21T10:03:30.369Z] User: JIMMYDEANMCBEAN (ID: 2118422500) clicked BALANCE
[2024-05-21T11:09:53.841Z] User: Furymuse (ID: 2088746736) clicked BALANCE
[2024-05-21T11:32:14.188Z] User: JIMMYDEANMCBEAN (ID: 2118422500) clicked BALANCE
[2024-05-21T11:58:23.536Z] User: Furymuse (ID: 2088746736) clicked BALANCE
[2024-05-21T12:27:42.211Z] User: Furymuse (ID: 2088746736) clicked BALANCE
[2024-05-21T12:45:05.346Z] User: Furymuse (ID: 2088746736) clicked BALANCE
[2024-05-21T13:07:15.172Z] User: Furymuse (ID: 2088746736) clicked BALANCE
[2024-05-21T13:08:19.211Z] User: Furymuse (ID: 2088746736) clicked BALANCE
[2024-05-21T13:09:47.701Z] User: Furymuse (ID: 2088746736) clicked BALANCE
[2024-05-21T13:15:42.336Z] User: Furymuse (ID: 2088746736) clicked BALANCE
[2024-05-21T13:17:37.681Z] User: undefined (ID: 6057481349) clicked BALANCE
[2024-05-21T14:28:44.661Z] User: Furymuse (ID: 2088746736) clicked BALANCE
[2024-05-21T15:10:02.981Z] User: Furymuse (ID: 2088746736) clicked BALANCE
[2024-05-21T15:19:52.916Z] User: Furymuse (ID: 2088746736) clicked BALANCE
[2024-05-21T15:58:23.229Z] User: JIMMYDEANMCBEAN (ID: 2118422500) clicked balance
[2024-05-21T16:05:04.531Z] User: Furymuse (ID: 2088746736) clicked balance
[2024-05-21T16:08:29.774Z] User: Furymuse (ID: 2088746736) clicked balance
[2024-05-21T16:28:53.185Z] User: Furymuse (ID: 2088746736) clicked balance
[2024-05-21T16:48:27.450Z] User: Furymuse (ID: 2088746736) clicked balance
[2024-05-21T16:53:27.497Z] User: JIMMYDEANMCBEAN (ID: 2118422500) clicked balance
[2024-05-21T16:55:53.654Z] User: JIMMYDEANMCBEAN (ID: 2118422500) clicked SETTINGS
[2024-05-21T16:55:58.493Z] User: JIMMYDEANMCBEAN (ID: 2118422500) clicked EDIT_TRADE_VALUE
[2024-05-21T16:56:02.658Z] User: JIMMYDEANMCBEAN (ID: 2118422500) clicked EDIT_TP1_AMOUNT
[2024-05-21T16:56:04.957Z] User: JIMMYDEANMCBEAN (ID: 2118422500) clicked EDIT_TP2_AMOUNT
[2024-05-21T16:56:11.057Z] User: JIMMYDEANMCBEAN (ID: 2118422500) clicked EDIT_TP2_AMOUNT
[2024-05-21T17:06:22.682Z] User: JIMMYDEANMCBEAN (ID: 2118422500) clicked balance
[2024-05-21T17:08:40.065Z] User: Furymuse (ID: 2088746736) clicked balance
[2024-05-21T17:46:57.744Z] User: Furymuse (ID: 2088746736) clicked balance
[2024-05-21T18:03:43.093Z] User: Furymuse (ID: 2088746736) clicked SELLALL
[2024-05-21T18:03:44.522Z] User: Furymuse (ID: 2088746736) clicked SELL_100
[2024-05-21T18:04:28.915Z] User: Furymuse (ID: 2088746736) clicked SELL_100
[2024-05-21T18:05:13.353Z] User: Furymuse (ID: 2088746736) clicked SELL_100
[2024-05-21T18:05:53.755Z] User: Furymuse (ID: 2088746736) clicked balance
[2024-05-21T18:05:53.767Z] User: Furymuse (ID: 2088746736) clicked SELL_100
[2024-05-21T18:07:04.391Z] User: Furymuse (ID: 2088746736) clicked balance
[2024-05-21T18:19:54.962Z] User: Furymuse (ID: 2088746736) clicked balance
[2024-05-21T18:33:53.930Z] User: JIMMYDEANMCBEAN (ID: 2118422500) clicked balance
[2024-05-21T18:46:00.311Z] User: JIMMYDEANMCBEAN (ID: 2118422500) clicked balance
[2024-05-21T19:05:23.378Z] User: JIMMYDEANMCBEAN (ID: 2118422500) clicked balance
[2024-05-21T19:27:46.087Z] User: Furymuse (ID: 2088746736) clicked balance
[2024-05-21T19:28:48.447Z] User: Furymuse (ID: 2088746736) clicked SELLALL
[2024-05-21T19:29:07.358Z] User: Furymuse (ID: 2088746736) clicked SELL_100
[2024-05-21T19:32:44.002Z] User: Furymuse (ID: 2088746736) clicked SELL_100
[2024-05-21T19:35:53.728Z] User: Furymuse (ID: 2088746736) clicked SELL_100
[2024-05-21T20:12:36.652Z] User: Furymuse (ID: 2088746736) clicked SELL_100
[2024-05-21T20:15:46.689Z] User: Furymuse (ID: 2088746736) clicked balance
[2024-05-21T20:15:56.149Z] User: Furymuse (ID: 2088746736) clicked SELL_100
[2024-05-21T20:31:31.421Z] User: Furymuse (ID: 2088746736) clicked SELLALL
[2024-05-21T20:31:35.276Z] User: Furymuse (ID: 2088746736) clicked SELL_100
[2024-05-21T20:39:09.048Z] User: Furymuse (ID: 2088746736) clicked balance
[2024-05-21T20:40:43.861Z] User: JIMMYDEANMCBEAN (ID: 2118422500) clicked balance
[2024-05-21T21:47:12.560Z] User: Furymuse (ID: 2088746736) clicked balance
[2024-05-21T22:22:15.404Z] User: JIMMYDEANMCBEAN (ID: 2118422500) clicked balance
[2024-05-21T22:32:14.150Z] User: JIMMYDEANMCBEAN (ID: 2118422500) clicked balance
[2024-05-21T22:32:37.451Z] User: Furymuse (ID: 2088746736) clicked SELLALL
[2024-05-21T22:32:54.190Z] User: Furymuse (ID: 2088746736) clicked SELL_100
[2024-05-21T22:34:05.444Z] User: Furymuse (ID: 2088746736) clicked balance
[2024-05-21T22:34:05.455Z] User: Furymuse (ID: 2088746736) clicked SELL_100
[2024-05-21T23:10:47.783Z] User: Furymuse (ID: 2088746736) clicked balance
[2024-05-21T23:12:54.199Z] User: Furymuse (ID: 2088746736) clicked balance
[2024-05-21T23:15:28.812Z] User: undefined (ID: 6057481349) clicked SETTINGS
[2024-05-21T23:15:33.534Z] User: undefined (ID: 6057481349) clicked FAQ
[2024-05-21T23:15:36.541Z] User: undefined (ID: 6057481349) clicked BOT_GUIDE
[2024-05-21T23:15:41.135Z] User: undefined (ID: 6057481349) clicked BOT_GUIDE
[2024-05-21T23:18:16.656Z] User: Furymuse (ID: 2088746736) clicked balance
[2024-05-21T23:42:19.975Z] User: undefined (ID: 6057481349) clicked balance
[2024-05-21T23:47:15.797Z] User: Furymuse (ID: 2088746736) clicked balance
[2024-05-22T00:13:57.037Z] User: JIMMYDEANMCBEAN (ID: 2118422500) clicked balance
[2024-05-22T00:20:08.465Z] User: undefined (ID: 6057481349) clicked balance
[2024-05-22T01:54:55.451Z] User: JIMMYDEANMCBEAN (ID: 2118422500) clicked balance
[2024-05-22T03:00:50.854Z] User: Canner_Team (ID: 1335414289) clicked balance
[2024-05-22T04:50:38.063Z] User: JIMMYDEANMCBEAN (ID: 2118422500) clicked balance
[2024-05-22T06:31:29.828Z] User: JIMMYDEANMCBEAN (ID: 2118422500) clicked balance
[2024-05-22T06:54:30.125Z] User: JIMMYDEANMCBEAN (ID: 2118422500) clicked balance
[2024-05-22T08:27:50.306Z] User: undefined (ID: 6057481349) clicked balance
[2024-05-22T08:51:25.299Z] User: Canner_Team (ID: 1335414289) clicked balance
[2024-05-22T09:04:29.161Z] User: Furymuse (ID: 2088746736) clicked balance
[2024-05-22T09:33:19.241Z] User: Furymuse (ID: 2088746736) clicked balance
[2024-05-22T09:36:22.640Z] User: undefined (ID: 6057481349) clicked balance
[2024-05-22T09:40:37.491Z] User: Furymuse (ID: 2088746736) clicked balance
[2024-05-22T09:57:17.555Z] User: Furymuse (ID: 2088746736) clicked balance
[2024-05-22T10:16:21.854Z] User: undefined (ID: 6057481349) clicked balance
[2024-05-22T10:23:50.474Z] User: Furymuse (ID: 2088746736) clicked balance
[2024-05-22T10:59:46.375Z] User: Furymuse (ID: 2088746736) clicked balance
[2024-05-22T11:41:14.724Z] User: undefined (ID: 6057481349) clicked balance
