[2024-05-25T12:47:45.483Z]
Wallet: Main wallet
Token: Di9UzedVNq2hfFeiCmTGx2PBueopBWW19LxJCDXepaFZ
USDC spent: 50.969416[2024-05-25T12:48:27.254Z]
Wallet: 6yUqTfca49yiv26cWUPcD9AzFE2af4rbCSiDpVUZBBxo
Token: Di9UzedVNq2hfFeiCmTGx2PBueopBWW19LxJCDXepaFZ
USDC spent: 16.941732[2024-05-25T15:30:30.335Z]
Wallet: Main wallet
Token: WR9yi7D3VuihqMeg1EMEqnQEMyz8m31kScV1Rdfq5BL
USDC spent: 41.243349
[2024-05-25T15:31:46.499Z]
Wallet: FLMX164k4tJUZCApYAuhPafNKKiF2yGzgGLTXZm87oFW
Token: WR9yi7D3VuihqMeg1EMEqnQEMyz8m31kScV1Rdfq5BL
USDC spent: 2.200773
[2024-05-25T20:08:04.219Z]
Wallet: Main wallet
Token: CfNh9nSdn1Bp1nWhwEdQMCVu1c7Ts5C4ajHh782hP7Hd
USDC spent: 40.634987
[2024-05-25T20:09:10.079Z]
Wallet: 3XbTJ9zPEt9gA5g1zjp5XeRWgVL1vhGRBdtW6NFGM3NF
Token: CfNh9nSdn1Bp1nWhwEdQMCVu1c7Ts5C4ajHh782hP7Hd
USDC spent: 1.784249
[2024-05-25T23:13:47.395Z]
Wallet: Main wallet
Token: HRGQM6kJv97y1s89ZVMGvUr6jrC5AYa4enrtJY127NbA
USDC spent: 40.015231
[2024-05-25T23:14:34.739Z]
Wallet: FLMX164k4tJUZCApYAuhPafNKKiF2yGzgGLTXZm87oFW
Token: HRGQM6kJv97y1s89ZVMGvUr6jrC5AYa4enrtJY127NbA
USDC spent: 2.253824
[2024-05-26T02:02:06.619Z]
Wallet: Main wallet
Token: HSihrtMU22gj53KugEKsgS2eiGadV9P4gzLgMjaxwd4a
USDC spent: 44.242707
[2024-05-26T02:03:08.541Z]
Wallet: EBuC42C47WLFkEB5QcVtPKUNfNGpNkL6t79dQ1P5jeme
Token: HSihrtMU22gj53KugEKsgS2eiGadV9P4gzLgMjaxwd4a
USDC spent: 0.502883
[2024-05-26T02:03:08.611Z]
Wallet: 6yUqTfca49yiv26cWUPcD9AzFE2af4rbCSiDpVUZBBxo
Token: HSihrtMU22gj53KugEKsgS2eiGadV9P4gzLgMjaxwd4a
USDC spent: 14.98896
[2024-05-26T02:03:12.970Z]
Wallet: FLMX164k4tJUZCApYAuhPafNKKiF2yGzgGLTXZm87oFW
Token: HSihrtMU22gj53KugEKsgS2eiGadV9P4gzLgMjaxwd4a
USDC spent: 2.501452
[2024-05-26T02:03:13.654Z]
Wallet: FLMX164k4tJUZCApYAuhPafNKKiF2yGzgGLTXZm87oFW
Token: HSihrtMU22gj53KugEKsgS2eiGadV9P4gzLgMjaxwd4a
USDC spent: 2.501452
[2024-05-26T02:03:14.137Z]
Wallet: 7v6E4oURasPBSHCKgojQjYy7ni62xGxLuzy4T2cQ97Z2
Token: HSihrtMU22gj53KugEKsgS2eiGadV9P4gzLgMjaxwd4a
USDC spent: 0.813119
[2024-05-26T02:03:15.350Z]
Wallet: 3XbTJ9zPEt9gA5g1zjp5XeRWgVL1vhGRBdtW6NFGM3NF
Token: HSihrtMU22gj53KugEKsgS2eiGadV9P4gzLgMjaxwd4a
USDC spent: 1.704154
[2024-05-26T05:52:16.512Z]
Wallet: Main wallet
Token: 22VW1vUmppu8rRjgeyXHjx1yDJyX3gtQYRBZqFR8gR7p
USDC spent: 43.469364
[2024-05-26T05:53:05.256Z]
Wallet: 2GCwasp68gmrDdodhi9PZLzFKCdVbnT7HkV4btuhPpMd
Token: 22VW1vUmppu8rRjgeyXHjx1yDJyX3gtQYRBZqFR8gR7p
USDC spent: 1.17082
[2024-05-26T05:53:05.850Z]
Wallet: 6yUqTfca49yiv26cWUPcD9AzFE2af4rbCSiDpVUZBBxo
Token: 22VW1vUmppu8rRjgeyXHjx1yDJyX3gtQYRBZqFR8gR7p
USDC spent: 14.389402
[2024-05-26T05:53:05.857Z]
Wallet: FLMX164k4tJUZCApYAuhPafNKKiF2yGzgGLTXZm87oFW
Token: 22VW1vUmppu8rRjgeyXHjx1yDJyX3gtQYRBZqFR8gR7p
USDC spent: 2.176263
[2024-05-26T05:53:06.753Z]
Wallet: 3XbTJ9zPEt9gA5g1zjp5XeRWgVL1vhGRBdtW6NFGM3NF
Token: 22VW1vUmppu8rRjgeyXHjx1yDJyX3gtQYRBZqFR8gR7p
USDC spent: 1.6411
[2024-05-26T05:53:06.770Z]
Wallet: EBuC42C47WLFkEB5QcVtPKUNfNGpNkL6t79dQ1P5jeme
Token: 22VW1vUmppu8rRjgeyXHjx1yDJyX3gtQYRBZqFR8gR7p
USDC spent: 0.477738
[2024-05-26T05:53:06.786Z]
Wallet: 7v6E4oURasPBSHCKgojQjYy7ni62xGxLuzy4T2cQ97Z2
Token: 22VW1vUmppu8rRjgeyXHjx1yDJyX3gtQYRBZqFR8gR7p
USDC spent: 0.772463
[2024-05-26T06:08:00.955Z]
Wallet: Main wallet
Token: AyX9ETMfYzM7MLBE6DVDsJzmAQokcQUcJqKxtSMs5HKh
USDC spent: 42.776122
[2024-05-26T06:08:48.403Z]
Wallet: EBuC42C47WLFkEB5QcVtPKUNfNGpNkL6t79dQ1P5jeme
Token: So11111111111111111111111111111111111111112
USDC spent: 3
[2024-05-26T06:08:48.505Z]
Wallet: 7v6E4oURasPBSHCKgojQjYy7ni62xGxLuzy4T2cQ97Z2
Token: AyX9ETMfYzM7MLBE6DVDsJzmAQokcQUcJqKxtSMs5HKh
USDC spent: 0.73384
[2024-05-26T06:08:57.973Z]
Wallet: 6yUqTfca49yiv26cWUPcD9AzFE2af4rbCSiDpVUZBBxo
Token: AyX9ETMfYzM7MLBE6DVDsJzmAQokcQUcJqKxtSMs5HKh
USDC spent: 13.813826
[2024-05-26T06:08:58.486Z]
Wallet: 3XbTJ9zPEt9gA5g1zjp5XeRWgVL1vhGRBdtW6NFGM3NF
Token: AyX9ETMfYzM7MLBE6DVDsJzmAQokcQUcJqKxtSMs5HKh
USDC spent: 1.687162
[2024-05-26T06:08:59.838Z]
Wallet: FLMX164k4tJUZCApYAuhPafNKKiF2yGzgGLTXZm87oFW
Token: AyX9ETMfYzM7MLBE6DVDsJzmAQokcQUcJqKxtSMs5HKh
USDC spent: 1.893349
[2024-05-26T06:09:08.646Z]
Wallet: EBuC42C47WLFkEB5QcVtPKUNfNGpNkL6t79dQ1P5jeme
Token: AyX9ETMfYzM7MLBE6DVDsJzmAQokcQUcJqKxtSMs5HKh
USDC spent: 0.453852
[2024-05-26T06:09:08.915Z]
Wallet: 2GCwasp68gmrDdodhi9PZLzFKCdVbnT7HkV4btuhPpMd
Token: AyX9ETMfYzM7MLBE6DVDsJzmAQokcQUcJqKxtSMs5HKh
USDC spent: 1.123987
[2024-05-26T06:54:09.822Z]
Wallet: Main wallet
Token: ubBjc3m9cShqDwPVWSLn8Tnb3SHZA657FFS82DnbPLT
USDC spent: 42.03629
[2024-05-26T06:54:56.822Z]
Wallet: EBuC42C47WLFkEB5QcVtPKUNfNGpNkL6t79dQ1P5jeme
Token: ubBjc3m9cShqDwPVWSLn8Tnb3SHZA657FFS82DnbPLT
USDC spent: 0.281159
[2024-05-26T06:55:06.490Z]
Wallet: 3XbTJ9zPEt9gA5g1zjp5XeRWgVL1vhGRBdtW6NFGM3NF
Token: So11111111111111111111111111111111111111112
USDC spent: 3
[2024-05-26T06:55:08.207Z]
Wallet: FLMX164k4tJUZCApYAuhPafNKKiF2yGzgGLTXZm87oFW
Token: ubBjc3m9cShqDwPVWSLn8Tnb3SHZA657FFS82DnbPLT
USDC spent: 1.647214
[2024-05-26T06:55:12.650Z]
Wallet: 3XbTJ9zPEt9gA5g1zjp5XeRWgVL1vhGRBdtW6NFGM3NF
Token: ubBjc3m9cShqDwPVWSLn8Tnb3SHZA657FFS82DnbPLT
USDC spent: 1.743596
[2024-05-26T06:55:16.434Z]
Wallet: 2GCwasp68gmrDdodhi9PZLzFKCdVbnT7HkV4btuhPpMd
Token: ubBjc3m9cShqDwPVWSLn8Tnb3SHZA657FFS82DnbPLT
USDC spent: 1.079027
[2024-05-26T06:56:58.786Z]
Wallet: 6yUqTfca49yiv26cWUPcD9AzFE2af4rbCSiDpVUZBBxo
Token: ubBjc3m9cShqDwPVWSLn8Tnb3SHZA657FFS82DnbPLT
USDC spent: 13.261273
[2024-05-26T06:57:03.129Z]
Wallet: 7v6E4oURasPBSHCKgojQjYy7ni62xGxLuzy4T2cQ97Z2
Token: ubBjc3m9cShqDwPVWSLn8Tnb3SHZA657FFS82DnbPLT
USDC spent: 0.697148
[2024-05-26T07:54:21.182Z]
Wallet: Main wallet
Token: 9y9xUH9xgg7DiBGjYfoHQcrJca7dZS1sLES331eYWSyo
USDC spent: 41.275045
[2024-05-26T07:55:12.138Z]
Wallet: FLMX164k4tJUZCApYAuhPafNKKiF2yGzgGLTXZm87oFW
Token: 9y9xUH9xgg7DiBGjYfoHQcrJca7dZS1sLES331eYWSyo
USDC spent: 1.433076
[2024-05-26T07:55:12.150Z]
Wallet: 6yUqTfca49yiv26cWUPcD9AzFE2af4rbCSiDpVUZBBxo
Token: 9y9xUH9xgg7DiBGjYfoHQcrJca7dZS1sLES331eYWSyo
USDC spent: 12.730822
[2024-05-26T07:55:18.015Z]
Wallet: EBuC42C47WLFkEB5QcVtPKUNfNGpNkL6t79dQ1P5jeme
Token: 9y9xUH9xgg7DiBGjYfoHQcrJca7dZS1sLES331eYWSyo
USDC spent: 0.267101
[2024-05-26T07:55:23.287Z]
Wallet: 3XbTJ9zPEt9gA5g1zjp5XeRWgVL1vhGRBdtW6NFGM3NF
Token: 9y9xUH9xgg7DiBGjYfoHQcrJca7dZS1sLES331eYWSyo
USDC spent: 1.723405
[2024-05-26T07:55:23.726Z]
Wallet: 7v6E4oURasPBSHCKgojQjYy7ni62xGxLuzy4T2cQ97Z2
Token: So11111111111111111111111111111111111111112
USDC spent: 3
[2024-05-26T07:55:23.946Z]
Wallet: 2GCwasp68gmrDdodhi9PZLzFKCdVbnT7HkV4btuhPpMd
Token: So11111111111111111111111111111111111111112
USDC spent: 3
[2024-05-26T07:55:24.000Z]
Wallet: 2GCwasp68gmrDdodhi9PZLzFKCdVbnT7HkV4btuhPpMd
Token: 9y9xUH9xgg7DiBGjYfoHQcrJca7dZS1sLES331eYWSyo
USDC spent: 1.035866
[2024-05-26T07:55:31.309Z]
Wallet: 7v6E4oURasPBSHCKgojQjYy7ni62xGxLuzy4T2cQ97Z2
Token: 9y9xUH9xgg7DiBGjYfoHQcrJca7dZS1sLES331eYWSyo
USDC spent: 0.662291
[2024-05-26T08:07:59.712Z]
Wallet: Main wallet
Token: HmfNGq7kxE6ppMDGW87xPuMU6wnKbeYBZf76K7t33w3s
USDC spent: 40.592246
[2024-05-26T08:08:48.662Z]
Wallet: 7v6E4oURasPBSHCKgojQjYy7ni62xGxLuzy4T2cQ97Z2
Token: HmfNGq7kxE6ppMDGW87xPuMU6wnKbeYBZf76K7t33w3s
USDC spent: 0.479176
[2024-05-26T08:09:01.063Z]
Wallet: 3XbTJ9zPEt9gA5g1zjp5XeRWgVL1vhGRBdtW6NFGM3NF
Token: HmfNGq7kxE6ppMDGW87xPuMU6wnKbeYBZf76K7t33w3s
USDC spent: 1.641543
[2024-05-26T08:09:01.155Z]
Wallet: 2GCwasp68gmrDdodhi9PZLzFKCdVbnT7HkV4btuhPpMd
Token: HmfNGq7kxE6ppMDGW87xPuMU6wnKbeYBZf76K7t33w3s
USDC spent: 0.874432
[2024-05-26T08:09:01.805Z]
Wallet: 6yUqTfca49yiv26cWUPcD9AzFE2af4rbCSiDpVUZBBxo
Token: HmfNGq7kxE6ppMDGW87xPuMU6wnKbeYBZf76K7t33w3s
USDC spent: 12.221589
[2024-05-26T08:09:09.855Z]
Wallet: EBuC42C47WLFkEB5QcVtPKUNfNGpNkL6t79dQ1P5jeme
Token: HmfNGq7kxE6ppMDGW87xPuMU6wnKbeYBZf76K7t33w3s
USDC spent: 0.253746
[2024-05-26T08:09:10.462Z]
Wallet: FLMX164k4tJUZCApYAuhPafNKKiF2yGzgGLTXZm87oFW
Token: HmfNGq7kxE6ppMDGW87xPuMU6wnKbeYBZf76K7t33w3s
USDC spent: 1.246776
[2024-05-26T08:28:53.004Z]
Wallet: Main wallet
Token: 2graTNvaHUEFLQJGHggYzoH8nhRv7rZperomT4RebDAw
USDC spent: 39.913793
[2024-05-26T08:29:39.569Z]
Wallet: 6yUqTfca49yiv26cWUPcD9AzFE2af4rbCSiDpVUZBBxo
Token: 2graTNvaHUEFLQJGHggYzoH8nhRv7rZperomT4RebDAw
USDC spent: 11.732725
[2024-05-26T08:29:40.334Z]
Wallet: 7v6E4oURasPBSHCKgojQjYy7ni62xGxLuzy4T2cQ97Z2
Token: 2graTNvaHUEFLQJGHggYzoH8nhRv7rZperomT4RebDAw
USDC spent: 0.455217
[2024-05-26T08:29:40.402Z]
Wallet: EBuC42C47WLFkEB5QcVtPKUNfNGpNkL6t79dQ1P5jeme
Token: 2graTNvaHUEFLQJGHggYzoH8nhRv7rZperomT4RebDAw
USDC spent: 0.241059
[2024-05-26T08:29:53.078Z]
Wallet: 7v6E4oURasPBSHCKgojQjYy7ni62xGxLuzy4T2cQ97Z2
Token: 2graTNvaHUEFLQJGHggYzoH8nhRv7rZperomT4RebDAw
USDC spent: 0.455217
[2024-05-26T08:29:56.846Z]
Wallet: FLMX164k4tJUZCApYAuhPafNKKiF2yGzgGLTXZm87oFW
Token: 2graTNvaHUEFLQJGHggYzoH8nhRv7rZperomT4RebDAw
USDC spent: 1.084695
[2024-05-26T09:45:13.701Z]
Wallet: Main wallet
Token: CQTm5UaiZUPAtShHNwrss2TRKmXEqLiJfSC5HEMeuBMn
USDC spent: 39.130698
[2024-05-26T09:45:57.968Z]
Wallet: FLMX164k4tJUZCApYAuhPafNKKiF2yGzgGLTXZm87oFW
Token: So11111111111111111111111111111111111111112
USDC spent: 3
[2024-05-26T09:46:05.414Z]
Wallet: FLMX164k4tJUZCApYAuhPafNKKiF2yGzgGLTXZm87oFW
Token: CQTm5UaiZUPAtShHNwrss2TRKmXEqLiJfSC5HEMeuBMn
USDC spent: 0.943685
[2024-05-26T09:46:13.894Z]
Wallet: EBuC42C47WLFkEB5QcVtPKUNfNGpNkL6t79dQ1P5jeme
Token: CQTm5UaiZUPAtShHNwrss2TRKmXEqLiJfSC5HEMeuBMn
USDC spent: 0.229006
[2024-05-26T09:46:15.758Z]
Wallet: 3XbTJ9zPEt9gA5g1zjp5XeRWgVL1vhGRBdtW6NFGM3NF
Token: CQTm5UaiZUPAtShHNwrss2TRKmXEqLiJfSC5HEMeuBMn
USDC spent: 1.4893
[2024-05-26T09:46:16.141Z]
Wallet: 7v6E4oURasPBSHCKgojQjYy7ni62xGxLuzy4T2cQ97Z2
Token: CQTm5UaiZUPAtShHNwrss2TRKmXEqLiJfSC5HEMeuBMn
USDC spent: 0.432457
[2024-05-26T09:46:17.369Z]
Wallet: 6yUqTfca49yiv26cWUPcD9AzFE2af4rbCSiDpVUZBBxo
Token: CQTm5UaiZUPAtShHNwrss2TRKmXEqLiJfSC5HEMeuBMn
USDC spent: 11.263416
[2024-05-26T10:49:41.158Z]
Wallet: Main wallet
Token: 1S5rzQqRo3oNwyexb8AM5FY3ZvAmmYaA1eEAXSki5s2
USDC spent: 38.537765
[2024-05-26T10:50:35.296Z]
Wallet: 7v6E4oURasPBSHCKgojQjYy7ni62xGxLuzy4T2cQ97Z2
Token: 1S5rzQqRo3oNwyexb8AM5FY3ZvAmmYaA1eEAXSki5s2
USDC spent: 0.410834
[2024-05-26T10:50:45.040Z]
Wallet: FLMX164k4tJUZCApYAuhPafNKKiF2yGzgGLTXZm87oFW
Token: 1S5rzQqRo3oNwyexb8AM5FY3ZvAmmYaA1eEAXSki5s2
USDC spent: 0.431006
[2024-05-26T10:50:45.050Z]
Wallet: 6yUqTfca49yiv26cWUPcD9AzFE2af4rbCSiDpVUZBBxo
Token: 1S5rzQqRo3oNwyexb8AM5FY3ZvAmmYaA1eEAXSki5s2
USDC spent: 10.81288
[2024-05-26T10:50:45.113Z]
Wallet: 3XbTJ9zPEt9gA5g1zjp5XeRWgVL1vhGRBdtW6NFGM3NF
Token: 1S5rzQqRo3oNwyexb8AM5FY3ZvAmmYaA1eEAXSki5s2
USDC spent: 1.418558
[2024-05-26T10:50:45.189Z]
Wallet: EBuC42C47WLFkEB5QcVtPKUNfNGpNkL6t79dQ1P5jeme
Token: 1S5rzQqRo3oNwyexb8AM5FY3ZvAmmYaA1eEAXSki5s2
USDC spent: 0.217555
[2024-05-26T11:12:41.369Z]
Wallet: Main wallet
Token: EpepcsxdonKExsptVY53yRyG3gqgUkDFEWBvPK7LJcNx
USDC spent: 37.912658
[2024-05-26T11:13:23.274Z]
Wallet: FLMX164k4tJUZCApYAuhPafNKKiF2yGzgGLTXZm87oFW
Token: EpepcsxdonKExsptVY53yRyG3gqgUkDFEWBvPK7LJcNx
USDC spent: 0.374975
[2024-05-26T11:13:27.712Z]
Wallet: 7v6E4oURasPBSHCKgojQjYy7ni62xGxLuzy4T2cQ97Z2
Token: EpepcsxdonKExsptVY53yRyG3gqgUkDFEWBvPK7LJcNx
USDC spent: 0.390292
[2024-05-26T11:13:27.873Z]
Wallet: 6yUqTfca49yiv26cWUPcD9AzFE2af4rbCSiDpVUZBBxo
Token: EpepcsxdonKExsptVY53yRyG3gqgUkDFEWBvPK7LJcNx
USDC spent: 10.380365
[2024-05-26T11:13:36.649Z]
Wallet: EBuC42C47WLFkEB5QcVtPKUNfNGpNkL6t79dQ1P5jeme
Token: EpepcsxdonKExsptVY53yRyG3gqgUkDFEWBvPK7LJcNx
USDC spent: 0.206678
[2024-05-26T11:13:43.270Z]
Wallet: 3XbTJ9zPEt9gA5g1zjp5XeRWgVL1vhGRBdtW6NFGM3NF
Token: EpepcsxdonKExsptVY53yRyG3gqgUkDFEWBvPK7LJcNx
USDC spent: 1.351177
[2024-05-26T12:27:10.580Z]
Wallet: Main wallet
Token: 6m1MtrANmvpg1T7tKuSsBi5RGpjeUPcjYytHR5R4Mmp5
USDC spent: 33.738513
[2024-05-26T12:27:59.685Z]
Wallet: 6yUqTfca49yiv26cWUPcD9AzFE2af4rbCSiDpVUZBBxo
Token: 6m1MtrANmvpg1T7tKuSsBi5RGpjeUPcjYytHR5R4Mmp5
USDC spent: 9.96515
[2024-05-26T12:28:34.813Z]
Wallet: Main wallet
Token: 6m1MtrANmvpg1T7tKuSsBi5RGpjeUPcjYytHR5R4Mmp5
USDC spent: 33.738513
[2024-05-26T12:30:45.185Z]
Wallet: Main wallet
Token: 6m1MtrANmvpg1T7tKuSsBi5RGpjeUPcjYytHR5R4Mmp5
USDC spent: 33.738513
[2024-05-26T14:54:28.638Z]
Wallet: Main wallet
Token: 6m1MtrANmvpg1T7tKuSsBi5RGpjeUPcjYytHR5R4Mmp5
USDC spent: 33.738513
[2024-05-26T14:55:25.129Z]
Wallet: EBuC42C47WLFkEB5QcVtPKUNfNGpNkL6t79dQ1P5jeme
Token: 6m1MtrANmvpg1T7tKuSsBi5RGpjeUPcjYytHR5R4Mmp5
USDC spent: 0.196344
[2024-05-26T14:55:28.059Z]
Wallet: EBuC42C47WLFkEB5QcVtPKUNfNGpNkL6t79dQ1P5jeme
Token: So11111111111111111111111111111111111111112
USDC spent: 3
[2024-05-26T23:02:13.481Z]
Wallet: Main wallet
Token: 579GxUTZwQAP93aj5to19wuScYTkKiirVyWqjzztpWvk
USDC spent: 40.523301
[2024-05-26T23:03:23.712Z]
Wallet: FLMX164k4tJUZCApYAuhPafNKKiF2yGzgGLTXZm87oFW
Token: 579GxUTZwQAP93aj5to19wuScYTkKiirVyWqjzztpWvk
USDC spent: 1.765902
[2024-05-27T00:53:18.677Z]
Wallet: Main wallet
Token: 2XuzZdPgzXmPnrPu2TRaM6wgJ6p1TmBQMVrcjWR7G4dC
USDC spent: 53.459987
[2024-05-27T00:54:02.915Z]
Wallet: FLMX164k4tJUZCApYAuhPafNKKiF2yGzgGLTXZm87oFW
Token: 2XuzZdPgzXmPnrPu2TRaM6wgJ6p1TmBQMVrcjWR7G4dC
USDC spent: 1.62463
[2024-05-27T04:42:25.980Z]
Wallet: Main wallet
Token: AXydrf7JxkeKv2VajKm2k4HvH4jSkKSaPRtAapvYNhvn
USDC spent: 52.570913
[2024-05-27T04:43:05.748Z]
Wallet: FLMX164k4tJUZCApYAuhPafNKKiF2yGzgGLTXZm87oFW
Token: AXydrf7JxkeKv2VajKm2k4HvH4jSkKSaPRtAapvYNhvn
USDC spent: 1.49466
[2024-05-27T06:59:49.085Z]
Wallet: Main wallet
Token: G7aANeztnCd2HigLtwYR9ymNCjRQbGieTMLXp4nwq1pj
USDC spent: 51.495642
[2024-05-27T07:00:35.653Z]
Wallet: FLMX164k4tJUZCApYAuhPafNKKiF2yGzgGLTXZm87oFW
Token: So11111111111111111111111111111111111111112
USDC spent: 3
[2024-05-27T07:00:35.762Z]
Wallet: FLMX164k4tJUZCApYAuhPafNKKiF2yGzgGLTXZm87oFW
Token: G7aANeztnCd2HigLtwYR9ymNCjRQbGieTMLXp4nwq1pj
USDC spent: 1.375087
[2024-05-27T07:01:47.011Z]
Wallet: FLMX164k4tJUZCApYAuhPafNKKiF2yGzgGLTXZm87oFW
Token: So11111111111111111111111111111111111111112
USDC spent: 3
[2024-05-27T08:25:53.808Z]
Wallet: Main wallet
Token: 8oi3jpqyJSnxeCVe4peQo2jZ5rWC4WLpKfe13v2NjzFq
USDC spent: 50.853948
[2024-05-27T08:26:56.279Z]
Wallet: FLMX164k4tJUZCApYAuhPafNKKiF2yGzgGLTXZm87oFW
Token: 8oi3jpqyJSnxeCVe4peQo2jZ5rWC4WLpKfe13v2NjzFq
USDC spent: 0.890126
