[2024-05-25T15:47:43.846Z]
Wallet: FLMX164k4tJUZCApYAuhPafNKKiF2yGzgGLTXZm87oFW
Token: 8Hmcp4wGAm8yA3vUo6v9TYNQt6ZEgrLoMiwzPqdQCmYn
USDC spent: 0.075869
Signature: vAY6UETyEy9i1VeJmoCGop2n511bXquBwK9UiP2zBAiiwVWJgfQaRRXapqwwGxpe74PqAaXpshWndkUvLZf5jyv
[2024-05-25T18:55:23.468Z]
Wallet: FLMX164k4tJUZCApYAuhPafNKKiF2yGzgGLTXZm87oFW
Token: 7vfyjU1o76Jb7azysBdurJ1PitZdwBCkSBEtKDwzoMmU
USDC spent: 0.421336
Signature: 4jtGQWLyBpDrJymdDrnyTjHoXH8h3HRVx2DN6Uu3ZyES1SwJRrYWdFwTWSLG17g9dU3WLmXKiWvUQEgvUnW5gFpw
[2024-05-25T19:25:31.490Z]
Wallet: FLMX164k4tJUZCApYAuhPafNKKiF2yGzgGLTXZm87oFW
Token: 3ffxmEgmUsw1DK9kY2657WwPCNQPTDu7o2yCuAsSUhxc
USDC spent: 0.265238
Signature: 4SbmGsZr1g6Hyg7uzTdgL1fzkpwfCVgotoAswWkdjR8yNRJ6RjrQSRr371eJY9APR7zMmnaFueCKXhP9qNkn2vx3
[2024-05-25T19:35:59.386Z]
Wallet: 2GCwasp68gmrDdodhi9PZLzFKCdVbnT7HkV4btuhPpMd
Token: 2etBuLCQCvbUDfi3RXKjWGENvjaFViKu1u9dHGrhdDTB
USDC spent: 0.37159
Signature: 3WkXLemzysxxsrYvS83sxpvfbxHrQ1A6BiFkDBoYLvoPVkdnKxQFSR8wm6Mbam5Usrq9mDKCxZTg8hn753w7vrUd
[2024-05-25T20:14:51.927Z]
Wallet: FLMX164k4tJUZCApYAuhPafNKKiF2yGzgGLTXZm87oFW
Token: Di9UzedVNq2hfFeiCmTGx2PBueopBWW19LxJCDXepaFZ
USDC spent: 0.255897
Signature: 23GsqJmBN7XxQXRMAUwQNkoSeT7pwhAPhsJS7oBrWacUiJHBJKfKv88waXcqwgKJAmJJdhHFUD86dzhBeCEU13HB
[2024-05-25T22:17:54.737Z]
Wallet: FLMX164k4tJUZCApYAuhPafNKKiF2yGzgGLTXZm87oFW
Token: WR9yi7D3VuihqMeg1EMEqnQEMyz8m31kScV1Rdfq5BL
USDC spent: 0.137261
Signature: 5fvFMmnMfjK4dEhSJT5HFFSS8MNRtqSGGhhAzPgHSgQqjrCeVuZQAb5V3a64jGmixmJ5oLBmkFojVbp2A8kCg53P
[2024-05-25T23:47:19.330Z]
Wallet: FLMX164k4tJUZCApYAuhPafNKKiF2yGzgGLTXZm87oFW
Token: WiFEYtYWuv8fuZfoPQfoofM1kp8UgCGQEeAcFBHYxiR
USDC spent: 0.149853
Signature: 2nmSfopWBnw7QeUbeeCoXvbjSzvP3D6SYH1reNNTQEFr8kiHD3nGjEEGfDnJ57KsbHBUAF9A2ioV2YZNnjoaLpWG
[2024-05-26T00:02:29.978Z]
Wallet: 2GCwasp68gmrDdodhi9PZLzFKCdVbnT7HkV4btuhPpMd
Token: 7tB2H6gRWwQnXQGUAQyc5uA9y4YAykwrALBijzBpXrVM
USDC spent: 0.11189
Signature: 5pyoWZfhTNfsZPRdpvxw2qYJukqrEWh2cV4zdz1mNX4o3Xgetcm75j5sp2pZoy8kDC4iVNdZCBovS2eWz5mLe3yN
[2024-05-26T00:03:48.874Z]
Wallet: 2GCwasp68gmrDdodhi9PZLzFKCdVbnT7HkV4btuhPpMd
Token: EGbgmNLvwdbanjyY8agrZTt6fwpPTqnL5eSH68TBX5uS
USDC spent: 0.147895
Signature: 2jRjPdMzVbMBc3bMP6zsXStrRk5rkFHKk1CE7xYza9jQgKW7vL7gv8ww6bTL7MR7tiB1xK5Mspk9s88NH4xb66nV
[2024-05-26T00:05:08.495Z]
Wallet: 2GCwasp68gmrDdodhi9PZLzFKCdVbnT7HkV4btuhPpMd
Token: Ewd9XFLkKmckQqEA3zg7F15sV7JKFrmw9LALFFLMf6k1
USDC spent: 0.154667
Signature: 28Ue7axpAgUht756HtkS7jJmQGcpbJeT2pPrRnrUXFcRut3EVHFZJCcXDvVvcUsLa1dfWaFCHWYDrL1s5fbrseKg
[2024-05-26T00:06:25.449Z]
Wallet: 2GCwasp68gmrDdodhi9PZLzFKCdVbnT7HkV4btuhPpMd
Token: 4cWoGE97P5gEYQvEUqhvW9jFeTJLw1xFcMjtqAF9FrAb
USDC spent: 0.103061
Signature: 2DuGJNSrNZBmK7B6EcwchnzRRXRLoHLVyCq2hZMQwsVAQgURY3pyS3jL8yRBjVC7Xh1jucAyYXPhMiyri2YmnfDL
[2024-05-26T00:07:21.370Z]
Wallet: 2GCwasp68gmrDdodhi9PZLzFKCdVbnT7HkV4btuhPpMd
Token: 8ZQYt5XQF4nPGvD8SVo8sRsUiPpabwPAD2xyhAKooPEd
USDC spent: 0.44465
Signature: 667YY9HY96w2cFugouaFnm7w3kncmDB4gwWhCJryc9GJzgf7MyYMaeD7XpBAE9qUbCcATnVti8PN7QghdNMgUZmc
[2024-05-26T00:12:12.763Z]
Wallet: 7v6E4oURasPBSHCKgojQjYy7ni62xGxLuzy4T2cQ97Z2
Token: 9uZ2E8L1PosxvGv5SKp9skoYCqFrnhKP8RkbgJtzccW4
USDC spent: 0.592023
Signature: 53LjcTLU8dY3bQFJKowRC837Jwkz5CAMrYsFUwTrjC6gyjvX8V6zP5gzrVwws8AkXGNEU5WhprbhFCBKSrbWXrCg
[2024-05-26T00:13:05.887Z]
Wallet: 2GCwasp68gmrDdodhi9PZLzFKCdVbnT7HkV4btuhPpMd
Token: GybtrhkLmvbUPCuyrUcBxYQ39rCUn1aNt3Hz7iUxi1zg
USDC spent: 0.417216
Signature: 4z6aZogk93ndQsJj7C2fWb1FdomnQkuVpFN99diHxEgmRPrUp4X918xkm273YVVYXr3Z8QcSk5BkqfMdGpFKj6tH
[2024-05-26T01:07:44.155Z]
Wallet: FLMX164k4tJUZCApYAuhPafNKKiF2yGzgGLTXZm87oFW
Token: WR9yi7D3VuihqMeg1EMEqnQEMyz8m31kScV1Rdfq5BL
USDC spent: 0.112046
Signature: 3UV6hdegqivtHvyBTYJ6CwWT9SgCxXMVuYbS8kPLyNvrAR4PyMWfxjRhZLDdSLPRLouoJPSV9tFmQyPAXVCo4tCX
[2024-05-26T01:07:49.478Z]
Wallet: FLMX164k4tJUZCApYAuhPafNKKiF2yGzgGLTXZm87oFW
Token: 3ffxmEgmUsw1DK9kY2657WwPCNQPTDu7o2yCuAsSUhxc
USDC spent: 0.055036
Signature: 2iuAv6UQqvDeVcANqGDwLyMbLKqofDFj1LdeMRgeF2r6iPakKSS5seo4TdjQEHDv1y3BRvWoNY2Syju7fgk5L86Q
[2024-05-26T01:07:56.691Z]
Wallet: FLMX164k4tJUZCApYAuhPafNKKiF2yGzgGLTXZm87oFW
Token: Di9UzedVNq2hfFeiCmTGx2PBueopBWW19LxJCDXepaFZ
USDC spent: 0.082986
Signature: 5BtKMPvKmgQDeKihdnMykMsa177K71EaXC4mNinqsHevfZT1BVnBR357t7zJ9Px8mhZK9KL4KPZGroLotzJ1NY9x
[2024-05-26T01:07:56.718Z]
Wallet: FLMX164k4tJUZCApYAuhPafNKKiF2yGzgGLTXZm87oFW
Token: 7vfyjU1o76Jb7azysBdurJ1PitZdwBCkSBEtKDwzoMmU
USDC spent: 0.069673
Signature: 4rw764droxzSU3x29bKLWZQh744S8myEWbEQSbbF1sVztj4KvCDpCNDVmz61W2mY3prumGjeF7v2fQ23d1b174Bm
[2024-05-26T01:07:56.733Z]
Wallet: FLMX164k4tJUZCApYAuhPafNKKiF2yGzgGLTXZm87oFW
Token: 85pTNkY8S4JYnbBQ6jrZ4QjMiceVas3dFBKm3zZy8rkB
USDC spent: 0.057087
Signature: cN1jjPsjZRpdvHRztnXd4pJ4Y1CGvx8GwrHai5dEbhCQbRgJdTACqNe97VyhvMXReyoSkX75EfFXKozjmjFZ8XY
[2024-05-26T01:08:01.252Z]
Wallet: FLMX164k4tJUZCApYAuhPafNKKiF2yGzgGLTXZm87oFW
Token: BwisvnzEsKxWnDr3TUbNK1s9ggEHqaSXHLe6XQzemAHA
USDC spent: 0.137287
Signature: 4Lj8wJsyJFg1GDFGWT2XNef6njPR5pbc5hhXG6YCTjveJ85eEd9gbwdfQrBGzmY85Wd1Jsn84G3sALswRALRXGjJ
[2024-05-26T01:08:01.354Z]
Wallet: FLMX164k4tJUZCApYAuhPafNKKiF2yGzgGLTXZm87oFW
Token: HRGQM6kJv97y1s89ZVMGvUr6jrC5AYa4enrtJY127NbA
USDC spent: 0.197944
Signature: 5JVjEgLVFFFL76qswRgEEZktYasH7etka64TmH6v13kWredFd9FbAVR7iUqutvAwfXrtADzDmnRN54A98yE7ggo1
[2024-05-26T01:08:01.691Z]
Wallet: FLMX164k4tJUZCApYAuhPafNKKiF2yGzgGLTXZm87oFW
Token: CfNh9nSdn1Bp1nWhwEdQMCVu1c7Ts5C4ajHh782hP7Hd
USDC spent: 0.218702
Signature: 4CF2PLUdZ4R2dydQxNAUj9KUniyMLBKxeD9c7ieQnht4Y75pdQyzXCGYZWkDiqvUVXS858yujWYpx2Qv2bwidZxV
[2024-05-26T01:08:02.032Z]
Wallet: FLMX164k4tJUZCApYAuhPafNKKiF2yGzgGLTXZm87oFW
Token: WiFEYtYWuv8fuZfoPQfoofM1kp8UgCGQEeAcFBHYxiR
USDC spent: 0.132866
Signature: 4sfgYUT28e7rTZhWhnhS4k3YX2ijcHzv5dN6sgbgm8txpr2Z5euDWXCmWM75UZck7gCZFuG27McafdrKj6hQD7MM
[2024-05-26T01:08:05.225Z]
Wallet: FLMX164k4tJUZCApYAuhPafNKKiF2yGzgGLTXZm87oFW
Token: 8Hmcp4wGAm8yA3vUo6v9TYNQt6ZEgrLoMiwzPqdQCmYn
USDC spent: 0.052648
Signature: 5uc1h9Cw1VdrqeSL8BGWffVmfGbUvjZBJxU8xSWeNVe7ZaxHV3xVYbB1yu2bzfr5KJipXRjRhm4Zwrh5AwcMBwL
[2024-05-26T01:37:35.447Z]
Wallet: FLMX164k4tJUZCApYAuhPafNKKiF2yGzgGLTXZm87oFW
Token: 7vfyjU1o76Jb7azysBdurJ1PitZdwBCkSBEtKDwzoMmU
USDC spent: 0.063831
Signature: 3aken6tvDakYht4Q3UwdNKvAqWMDAv4T2qMFijPbSyNMxeb2iXFJT6UterkTMQzzGcVLndgHGgWXQbTCZ2jooYAM
[2024-05-26T01:37:38.297Z]
Wallet: FLMX164k4tJUZCApYAuhPafNKKiF2yGzgGLTXZm87oFW
Token: Di9UzedVNq2hfFeiCmTGx2PBueopBWW19LxJCDXepaFZ
USDC spent: 0.073068
Signature: 4A1NrA3P3E9W4wEqHdv99opcphe4ewP4ab8z5mixT7DT3iiPmtXuEfMxv9oeyPcVENoKJ6jU2ivtkTXyFQG5Yq1J
[2024-05-26T01:37:48.864Z]
Wallet: FLMX164k4tJUZCApYAuhPafNKKiF2yGzgGLTXZm87oFW
Token: CfNh9nSdn1Bp1nWhwEdQMCVu1c7Ts5C4ajHh782hP7Hd
USDC spent: 0.196917
Signature: 5HP6NJJpu3eKfiV9yNdZYhQfPHcCpijwAwMYRiXpaLgDEyUoXhQZVYsWDeMSTYEsCfcGgbfcN4E5qhsVB8sHqvEd
[2024-05-26T01:37:48.913Z]
Wallet: FLMX164k4tJUZCApYAuhPafNKKiF2yGzgGLTXZm87oFW
Token: 3ffxmEgmUsw1DK9kY2657WwPCNQPTDu7o2yCuAsSUhxc
USDC spent: 0.05056
Signature: TCBMs8HWGo78puXsWfJErW7uu93LW4RHsd8qbUJJ7BMZwotB92YydqViThasqMc2wwt2fTDJNyg5fGwJ9rr317d
[2024-05-26T01:37:52.048Z]
Wallet: FLMX164k4tJUZCApYAuhPafNKKiF2yGzgGLTXZm87oFW
Token: WiFEYtYWuv8fuZfoPQfoofM1kp8UgCGQEeAcFBHYxiR
USDC spent: 0.119032
Signature: 37nJEruPJEJJENyxNaR6evrPjY7KDsszACdgC98tZFVWK4ZJdvL7y5udNKEnn9bGFwmf9euUL7SL6tXioYcfB7tR
[2024-05-26T01:37:56.495Z]
Wallet: FLMX164k4tJUZCApYAuhPafNKKiF2yGzgGLTXZm87oFW
Token: 8Hmcp4wGAm8yA3vUo6v9TYNQt6ZEgrLoMiwzPqdQCmYn
USDC spent: 0.049033
Signature: 3fpgbYsoFp2CozC9b3sJFdDoVPksRrdWrHVe3yVTT3r7JnfvoEQyZqQYt617R59VQ1Kqh8Cs2tcpVWUmopBQm1Wg
[2024-05-26T01:37:59.979Z]
Wallet: FLMX164k4tJUZCApYAuhPafNKKiF2yGzgGLTXZm87oFW
Token: BwisvnzEsKxWnDr3TUbNK1s9ggEHqaSXHLe6XQzemAHA
USDC spent: 0.123263
Signature: mkEKQuPhDUgYhYaiye311YArqv6Vovuijj5DLzcfFqAgT8Gf1WpgA39GZXmAV99wadzDhzsM4vEVnU6TFPvSgh6
[2024-05-26T01:38:02.907Z]
Wallet: FLMX164k4tJUZCApYAuhPafNKKiF2yGzgGLTXZm87oFW
Token: HRGQM6kJv97y1s89ZVMGvUr6jrC5AYa4enrtJY127NbA
USDC spent: 0.186706
Signature: 5A8qoVBa8YhHVWSrLtVPMTQKvDBv8q5gsiX44p5zGSTDto3bxCJ1134JWsVCc9ipCTQicFvni4fSgVEZfnT9JPw7
[2024-05-26T01:38:04.424Z]
Wallet: FLMX164k4tJUZCApYAuhPafNKKiF2yGzgGLTXZm87oFW
Token: 85pTNkY8S4JYnbBQ6jrZ4QjMiceVas3dFBKm3zZy8rkB
USDC spent: 0.051362
Signature: 3G5heRZDqYed3NyhZLvEKcx5vYEVfFCzyvBawsu7M6V8Cr7LsgwessR8x4dfJGuUB3ECWBErk8PguhywZniWWNbj
[2024-05-26T01:38:10.214Z]
Wallet: FLMX164k4tJUZCApYAuhPafNKKiF2yGzgGLTXZm87oFW
Token: WR9yi7D3VuihqMeg1EMEqnQEMyz8m31kScV1Rdfq5BL
USDC spent: 0.099755
Signature: 2Js5F9iX9BXUMRLuFPfvnyHpgxMyboWMBd82ydSCNgUW89jGZQo8cJFvvheRsN4XNVF3LVUd3EUqxjigQM6ikq6x
[2024-05-26T01:44:44.289Z]
Wallet: FLMX164k4tJUZCApYAuhPafNKKiF2yGzgGLTXZm87oFW
Token: 8Hmcp4wGAm8yA3vUo6v9TYNQt6ZEgrLoMiwzPqdQCmYn
USDC spent: 0.044753
Signature: 363xHaxCQPv6nYCAhxtqFfifqdYCCZzXALZb5NHM9fSBargBATp4YkBhUdv898jSNbQWR3wQmpwQkQwLcNQ6qApg
[2024-05-26T01:44:45.631Z]
Wallet: FLMX164k4tJUZCApYAuhPafNKKiF2yGzgGLTXZm87oFW
Token: Di9UzedVNq2hfFeiCmTGx2PBueopBWW19LxJCDXepaFZ
USDC spent: 0.062441
Signature: 66rk5LG1mfayEGkwD2Zpsju2bJ7UE49qDxZZXcSs7r2TCZjdacT6BCKt9Tyn5bRnshqyq4z9b2cj2mGXXQzvouSh
[2024-05-26T01:44:48.690Z]
Wallet: FLMX164k4tJUZCApYAuhPafNKKiF2yGzgGLTXZm87oFW
Token: HRGQM6kJv97y1s89ZVMGvUr6jrC5AYa4enrtJY127NbA
USDC spent: 0.168693
Signature: 3B9aBPa51HND2dvJkx4P6WYKTQJqV3s965LUE8W6GgZmY88TZhHYGzeYPUqF5w64NTbfAwAVW4KXyw1UNh7wtD8n
[2024-05-26T01:44:53.775Z]
Wallet: FLMX164k4tJUZCApYAuhPafNKKiF2yGzgGLTXZm87oFW
Token: WiFEYtYWuv8fuZfoPQfoofM1kp8UgCGQEeAcFBHYxiR
USDC spent: 0.107473
Signature: 4rZZJZUihZpaaMJXyhajmLVd453FLRgE6LLqUigujYevEecbtziAg9EVTBi8G1mUmtYR6KZeTWzTSpoM6kNXzgwc
[2024-05-26T01:45:05.139Z]
Wallet: FLMX164k4tJUZCApYAuhPafNKKiF2yGzgGLTXZm87oFW
Token: 7vfyjU1o76Jb7azysBdurJ1PitZdwBCkSBEtKDwzoMmU
USDC spent: 0.056667
Signature: 5cVN5y291S6P7WMoGH4WGEZk5un2EExfUzE7hG8pQsUDZjPtGKncm8dx67ZYS5FAymmyop51YR3vQzLR7kEjM4gf
[2024-05-26T01:45:06.285Z]
Wallet: FLMX164k4tJUZCApYAuhPafNKKiF2yGzgGLTXZm87oFW
Token: CfNh9nSdn1Bp1nWhwEdQMCVu1c7Ts5C4ajHh782hP7Hd
USDC spent: 0.171847
Signature: 4rgo1F9vHoSRRqS9wvroFkfXarMZF7mcmE76VMEFkJbGCqbGmRFUuZAUBXnCeYv1JX4UUD8xqgzVdKsQwnpBvhpv
[2024-05-26T01:45:29.335Z]
Wallet: FLMX164k4tJUZCApYAuhPafNKKiF2yGzgGLTXZm87oFW
Token: BwisvnzEsKxWnDr3TUbNK1s9ggEHqaSXHLe6XQzemAHA
USDC spent: 0.110549
Signature: 4Gt9o372snZERmcjtC6Xw7yRBevo1oHV3RLbNukoUZT4qZVwsUfV7DsQ94nQuEDs47SvHuy4NLUPbfafBmF1XESX
[2024-05-26T01:45:49.441Z]
Wallet: FLMX164k4tJUZCApYAuhPafNKKiF2yGzgGLTXZm87oFW
Token: 3ffxmEgmUsw1DK9kY2657WwPCNQPTDu7o2yCuAsSUhxc
USDC spent: 0.045607
Signature: 2Xs71vQCYRAfTaACAPNm16FemNANN8ho5PVQctN7EajbMBGNfAgMFSKvr3XL6YL68gUQpD7FFc2jtuYCSubT32F6
[2024-05-26T12:14:38.067Z]
Wallet: FLMX164k4tJUZCApYAuhPafNKKiF2yGzgGLTXZm87oFW
Token: EpepcsxdonKExsptVY53yRyG3gqgUkDFEWBvPK7LJcNx
USDC spent: 0.117072
Signature: 5Tni9KGeGYC5ZK916eg7HZEgmAd7abuLyEGcPfi77DBjuaMRBXwQhBthoALJPeWQxeyWneQ4DvGhW3ZsJUZGhKzj
[2024-05-26T12:14:49.102Z]
Wallet: FLMX164k4tJUZCApYAuhPafNKKiF2yGzgGLTXZm87oFW
Token: 22VW1vUmppu8rRjgeyXHjx1yDJyX3gtQYRBZqFR8gR7p
USDC spent: 0.578063
Signature: 3tCaSCsou2EXAWp3huq7hHvTqzzMRTDrvHcipegZjnV8vWSDmH1A47PrtihLRGpa9EeHwLpxmBYqT1vsou3VJJcM
[2024-05-26T12:14:49.137Z]
Wallet: FLMX164k4tJUZCApYAuhPafNKKiF2yGzgGLTXZm87oFW
Token: 8Hmcp4wGAm8yA3vUo6v9TYNQt6ZEgrLoMiwzPqdQCmYn
USDC spent: 0.072209
Signature: 55hJsuZPJjAMRRJ5vCihPLshQysKfvmTkbzRKWpSnvVxsZFLa2xovnbGVNU9D8x2VfueRcjWLjnhJ8mZ6ueB2BKi
[2024-05-26T12:14:49.414Z]
Wallet: FLMX164k4tJUZCApYAuhPafNKKiF2yGzgGLTXZm87oFW
Token: HRGQM6kJv97y1s89ZVMGvUr6jrC5AYa4enrtJY127NbA
USDC spent: 0.268885
Signature: KCK9Qtyh2fynnWQK4aNQrKGXw42qwhCa94CYSdkgi7y3kGL1ooPazXx11VubTaH9KP782eHdisy11TKf8QWCxMP
[2024-05-26T12:14:49.446Z]
Wallet: FLMX164k4tJUZCApYAuhPafNKKiF2yGzgGLTXZm87oFW
Token: ubBjc3m9cShqDwPVWSLn8Tnb3SHZA657FFS82DnbPLT
USDC spent: 0.36048
Signature: 3w3yqDw7oFaEEa7aitVMLPVZNYmd1Z85dEwjS98oRXrXt7ye9WdK2czBbLipvMgGcZ7YLfevNZYkcasjjR2GEKXZ
[2024-05-26T12:14:49.513Z]
Wallet: FLMX164k4tJUZCApYAuhPafNKKiF2yGzgGLTXZm87oFW
Token: 85pTNkY8S4JYnbBQ6jrZ4QjMiceVas3dFBKm3zZy8rkB
USDC spent: 0.104528
Signature: nNueAm9bUbKZvunjTWSHrqvpXUU9BKykqESnksfsdCnzLbXmPJsY97GdqqJMaTW1cXcz4o3r43JSpYPds7J3VoG
[2024-05-26T12:14:49.524Z]
Wallet: FLMX164k4tJUZCApYAuhPafNKKiF2yGzgGLTXZm87oFW
Token: 1S5rzQqRo3oNwyexb8AM5FY3ZvAmmYaA1eEAXSki5s2
USDC spent: 0.091208
Signature: 3hjFvq7aYSPBgASKBoemJUVKHNnqButAKwstHBSRKFpNkNF4QfziH1PJdUWxR4VM22gSD2L2As8kSN9y45cKPTwp
[2024-05-26T12:14:49.542Z]
Wallet: FLMX164k4tJUZCApYAuhPafNKKiF2yGzgGLTXZm87oFW
Token: HSihrtMU22gj53KugEKsgS2eiGadV9P4gzLgMjaxwd4a
USDC spent: 0.555645
Signature: 5EDo4XQrHLNP55Qghus5GhZgpCmwuY6bS6ZR213R2XedfEXPWShrmJWJ9Vf31Pgk2KLKgP7p3MtX2pbSZa7NpTfM
[2024-05-26T12:14:49.554Z]
Wallet: FLMX164k4tJUZCApYAuhPafNKKiF2yGzgGLTXZm87oFW
Token: WR9yi7D3VuihqMeg1EMEqnQEMyz8m31kScV1Rdfq5BL
USDC spent: 0.247786
Signature: 62injAzUg4fvK4rrcKJUDWo7ptFFPpvsKVURqdVc2Gzz3zWtJRg9j9qrKwtSQjEUjJjhe9ke2rxE8aKRb5EUXk38
[2024-05-26T12:15:04.404Z]
Wallet: FLMX164k4tJUZCApYAuhPafNKKiF2yGzgGLTXZm87oFW
Token: 7vfyjU1o76Jb7azysBdurJ1PitZdwBCkSBEtKDwzoMmU
USDC spent: 0.082829
Signature: 2iKYGrcoiAaYrQWvBeXMfNDD2r2b8Hbzi3Lodw1nZR7N1MPnm7Hh41u77xMsjRkTrmnFcaRumRdwWthanTH1c9eH
[2024-05-26T12:15:06.394Z]
Wallet: FLMX164k4tJUZCApYAuhPafNKKiF2yGzgGLTXZm87oFW
Token: WiFEYtYWuv8fuZfoPQfoofM1kp8UgCGQEeAcFBHYxiR
USDC spent: 0.326442
Signature: 2HgAXUDsEMx6eq8v3Mqabxjjgd6qCF6QPt4EVKuCuQmBb7k4tBFw2faJ7V3F9JhrTc5RnrunSXSjX5Z52QbQooZw
[2024-05-26T12:15:07.851Z]
Wallet: FLMX164k4tJUZCApYAuhPafNKKiF2yGzgGLTXZm87oFW
Token: CfNh9nSdn1Bp1nWhwEdQMCVu1c7Ts5C4ajHh782hP7Hd
USDC spent: 0.332273
Signature: r3qqT7vL72VtbzGLYkj7cYnbgfW5LqyRc9UFGz7Ko4SzjsUpcSeNync82YTqNbaVr2xuTqH22o55YTgWT2AQBJ5
[2024-05-26T12:15:13.177Z]
Wallet: FLMX164k4tJUZCApYAuhPafNKKiF2yGzgGLTXZm87oFW
Token: BwisvnzEsKxWnDr3TUbNK1s9ggEHqaSXHLe6XQzemAHA
USDC spent: 0.239879
Signature: 57cUQMw1M9BUFiS6cnjM2aNPWvs1Kzqcc49YdcrdT9BSXRTUiM8P8zwvvatFeEtWsee6B1QGukiu4ru1AeohNt3f
[2024-05-26T12:15:15.718Z]
Wallet: FLMX164k4tJUZCApYAuhPafNKKiF2yGzgGLTXZm87oFW
Token: HmfNGq7kxE6ppMDGW87xPuMU6wnKbeYBZf76K7t33w3s
USDC spent: 0.318049
Signature: 2T6rMb9NeDMxgJxQrzeUPBsu5ZUWu3uoMrrqyhkbmfomybdfxfndkrdW8cgMTGQoicwm1Fe4M8S7agtiCwuLMLoU
[2024-05-26T12:15:17.643Z]
Wallet: FLMX164k4tJUZCApYAuhPafNKKiF2yGzgGLTXZm87oFW
Token: 3ffxmEgmUsw1DK9kY2657WwPCNQPTDu7o2yCuAsSUhxc
USDC spent: 0.144889
Signature: yYPrCianShBH9SfBEv3DcHYEYDkLzHEpbXGp9UTLbTdsU8aRRd45WFwJrqMGhfvj5KWBbNjY8CFtGwu2WM8vKaL
[2024-05-26T12:15:27.300Z]
Wallet: FLMX164k4tJUZCApYAuhPafNKKiF2yGzgGLTXZm87oFW
Token: AyX9ETMfYzM7MLBE6DVDsJzmAQokcQUcJqKxtSMs5HKh
USDC spent: 0.480404
Signature: 3GuDVYuA3ifJuNJnHF9V6YbYE2Sj4edXufYinsvm9iX11hvAvJowzP3sCKAPngXpmckCaRu4Z5m3nwC4DyDBenbW
[2024-05-26T12:15:27.365Z]
Wallet: FLMX164k4tJUZCApYAuhPafNKKiF2yGzgGLTXZm87oFW
Token: CQTm5UaiZUPAtShHNwrss2TRKmXEqLiJfSC5HEMeuBMn
USDC spent: 0.166376
Signature: 5PG8mxUMM8u2NAnG19MZahdDbsuDmZwaK3EshmLVG6oLBMmn29rPXX6BFm2PbP2aJaoe5nS1f2SHcLD9z54qia89
[2024-05-26T12:15:27.570Z]
Wallet: FLMX164k4tJUZCApYAuhPafNKKiF2yGzgGLTXZm87oFW
Token: Di9UzedVNq2hfFeiCmTGx2PBueopBWW19LxJCDXepaFZ
USDC spent: 0.088503
Signature: 2sds3NhTaYXVxgETUC7gcMxdortsvHDu8tCKnkPVpvTKun1d7d7TJviQk53m9tLhysDhLN99s2RZkWjQFUdyvqnK
[2024-05-26T12:18:10.417Z]
Wallet: FLMX164k4tJUZCApYAuhPafNKKiF2yGzgGLTXZm87oFW
Token: 9y9xUH9xgg7DiBGjYfoHQcrJca7dZS1sLES331eYWSyo
USDC spent: 0.317721
Signature: 4qDv815kPM3r4ciKEu69umHZr6jbh6MiAZR8MTL6ZryzuyKTcghis8cFJF9WpGDeYGv41bRZtV6p858p4ede56UB
[2024-05-26T12:18:11.528Z]
Wallet: FLMX164k4tJUZCApYAuhPafNKKiF2yGzgGLTXZm87oFW
Token: 2graTNvaHUEFLQJGHggYzoH8nhRv7rZperomT4RebDAw
USDC spent: 0.329155
Signature: WMmKmpWUpdXJgJaDM2LNV7hfka9ks7jgE4ntmypXtSSRNKgUjh68n1EJVESdhVFRsNQxSHEU1E8PpAgxmAcptdG
[2024-05-26T12:24:54.311Z]
Wallet: 2Y8kvYrfUQjpsskRHdg1iAGiAALdz6XHPrR4JMn1eWke
Token: 39HAjkPXSfJCyQNt4RFVwYQWY7CxxfeqkaSeXwEtUfvh
USDC spent: 61.787722
Signature: 5aRjPcezaVHyWxcJ1pidJFUfUko4dScsupixUhEj7rHT7VTgzmGrxNguf9DgzhB1ojPsMEboGqx4FZetGuBKhfaN
[2024-05-26T12:25:04.195Z]
Wallet: 2Y8kvYrfUQjpsskRHdg1iAGiAALdz6XHPrR4JMn1eWke
Token: EzRkBmuxvqYvL4egiUS1uXpsnmkPz3AMD7SVUwP9muc6
USDC spent: 49.554724
Signature: YY1BerjtxJGWehU8aJBJat1PTXvHYkDfNeL7dLvcPHm9Uqd3NJzFD1htUtnBGF7RZkyxTpx7G9ao8ayJuVDsde7
[2024-05-26T12:25:15.795Z]
Wallet: 2Y8kvYrfUQjpsskRHdg1iAGiAALdz6XHPrR4JMn1eWke
Token: ubBjc3m9cShqDwPVWSLn8Tnb3SHZA657FFS82DnbPLT
USDC spent: 18.649389
Signature: GWSzaKtpdVjRWpdmhRpq1SQD3JCAzVXjvvDUPd1xCaK3PiAeSzYw742Mcbzyq2Zv4fGdggKVM6oQwkNezostyCJ
[2024-05-26T12:25:16.619Z]
Wallet: 2Y8kvYrfUQjpsskRHdg1iAGiAALdz6XHPrR4JMn1eWke
Token: 5jb4AYViuomfHD1bgbhxFcDagEbM5UNYWwbbYbiZkwdj
USDC spent: 25.346845
Signature: vLYaFGzRjKjuvYGuuPaKXcjugjbxC82A19RH64PT82wNZCVEhDxGoNHBseZuCtREajVopGR7P2KPuGZJjFqZGAi
[2024-05-26T12:25:21.241Z]
Wallet: 2Y8kvYrfUQjpsskRHdg1iAGiAALdz6XHPrR4JMn1eWke
Token: HRGQM6kJv97y1s89ZVMGvUr6jrC5AYa4enrtJY127NbA
USDC spent: 14.605635
Signature: 3KcfLQkDCinkZKaafwLhty8UUok5CY2ZQqeLgrgSNY71LjJC263QzjgpCd9GKVzsHebYgwFJ4cMcfbsMG5yb6JdU
[2024-05-26T12:25:21.294Z]
Wallet: 2Y8kvYrfUQjpsskRHdg1iAGiAALdz6XHPrR4JMn1eWke
Token: 4NXTVzgCrxtTTCuGG816vR8cCiNvQui9FQ1cVkcp8MUp
USDC spent: 0.019547
Signature: 2zEMXsDeHvETm7rQftVsoqGGF62uyQzWh8WjSim9bcuo2Qdcfyz4S6DY9FDVFj7R72TCrzxJqMNfYBYrbFyLaGK8
[2024-05-26T12:25:22.304Z]
Wallet: 2Y8kvYrfUQjpsskRHdg1iAGiAALdz6XHPrR4JMn1eWke
Token: 9y9xUH9xgg7DiBGjYfoHQcrJca7dZS1sLES331eYWSyo
USDC spent: 18.991768
Signature: 2LaYrfiSuknSx6L3ZUW7eK3YeDDbKs44D8aVMKQgNmC3rhSoRfbs5DeJUHFBUv5pqMaGGYDqUrjjvmy1ZRN4aXs5
[2024-05-26T12:25:22.382Z]
Wallet: 2Y8kvYrfUQjpsskRHdg1iAGiAALdz6XHPrR4JMn1eWke
Token: X2b7CTxxjg4gBdsopH7Xve9KZqaLSD9ETRGUo9eafSX
USDC spent: 23.429191
Signature: 21cuyNGBpvQXtwmFqm3fDx4uFfwL4t5q2vPcyPnuC5Ls44SokEo48bBGhVKijbJhgLMLFmEZKNMZn92jAkzRpNQj
[2024-05-26T12:25:22.410Z]
Wallet: 2Y8kvYrfUQjpsskRHdg1iAGiAALdz6XHPrR4JMn1eWke
Token: 3CvXXJ9EaKeHi9uJYubpvpnk4iq1ZMkXfss1SFscjgJT
USDC spent: 0.825697
Signature: uazDy71sXKoHdm7FA92BHECKY9aCXTBaUxKXjJ8RST7RE28qyLn3m77A4GBEn5D4Xgvpw13RyujD3yToga493ui
[2024-05-26T12:25:22.507Z]
Wallet: 2Y8kvYrfUQjpsskRHdg1iAGiAALdz6XHPrR4JMn1eWke
Token: CfNh9nSdn1Bp1nWhwEdQMCVu1c7Ts5C4ajHh782hP7Hd
USDC spent: 20.015049
Signature: 36vNz9t7FHh3iakXVuhEtEu3nWeau9tjwXpndZP3ju3egzbKkhpeXFLphJBZW5CPvci4j5d6wrd3UJ53w8gGQJv1
[2024-05-26T12:25:22.576Z]
Wallet: 2Y8kvYrfUQjpsskRHdg1iAGiAALdz6XHPrR4JMn1eWke
Token: FwBixtdcmxawRFzBNeUmzhQzaFuvv6czs5wCQuLgWWsg
USDC spent: 0.811484
Signature: 8Fadbo3fY57nY8XmVBez5DNvc6byLeagBCt9DJ5ZNHvUzoA93qynknD9jP5THQMTBXfBJWPTaVYxuVXMBiCsLyG
[2024-05-26T12:25:25.956Z]
Wallet: 2Y8kvYrfUQjpsskRHdg1iAGiAALdz6XHPrR4JMn1eWke
Token: Di9UzedVNq2hfFeiCmTGx2PBueopBWW19LxJCDXepaFZ
USDC spent: 14.334812
Signature: 66SpUHVbAFovX19SNT32g7mqC3LyVHw6qnWmbWGoBctQ6TfqvC43gNJUcP4XhHkbumD2abXdCeT5CaebJkcES1d7
[2024-05-26T12:25:26.360Z]
Wallet: 2Y8kvYrfUQjpsskRHdg1iAGiAALdz6XHPrR4JMn1eWke
Token: 5vJhTHZrQqThCDi8nYm767sfN4NyYsNPFNBebUuUPr8y
USDC spent: 12.738588
Signature: 3GrVqwzoEVj3w4fdtNH4zdwrLBQtLqHrdx9ishiNnY7dVXTYXwwTLotF5jUU3onLUTNtRQX2WrpFUZs7s9kNq1iE
[2024-05-26T12:25:47.841Z]
Wallet: 2Y8kvYrfUQjpsskRHdg1iAGiAALdz6XHPrR4JMn1eWke
Token: Faf4TU4Zy2cUiWo24mDzTPrbw7rbqAbM9oG2D45eHApH
USDC spent: 0.038162
Signature: 3MtoajNnvafXqeKEyXH4jnZDvhsxVqpxrdRBMZNBzxKiyqRQxxWTTY1cCbox3ZFaSFYQDtKStn8CRHwcm8SGiRc3
[2024-05-26T12:25:54.997Z]
Wallet: 2Y8kvYrfUQjpsskRHdg1iAGiAALdz6XHPrR4JMn1eWke
Token: 6zpfe7HVj1zN4nJ2suhCdGvA5V2PCjxXFot9FZgSyNoq
USDC spent: 35.667479
Signature: 5ozmVef2NcmyNX2kBQK8UFpmcC7fMuKGvd5yutQLZkfJENPUwrEgEgFhRUpQNumC8gqpycJ8ZxpJJdfcNqPUcacB
[2024-05-26T12:25:57.242Z]
Wallet: 2Y8kvYrfUQjpsskRHdg1iAGiAALdz6XHPrR4JMn1eWke
Token: HmfNGq7kxE6ppMDGW87xPuMU6wnKbeYBZf76K7t33w3s
USDC spent: 20.75662
Signature: n4Toi9vUKRB5FnYrN63TFu8rxGrXynwt5oZJ5Vexm4UkYtMZw8qtBQGL6LucmeexmsqUqbeiyPMChjn9aK42UwZ
[2024-05-26T12:25:59.724Z]
Wallet: 2Y8kvYrfUQjpsskRHdg1iAGiAALdz6XHPrR4JMn1eWke
Token: EpepcsxdonKExsptVY53yRyG3gqgUkDFEWBvPK7LJcNx
USDC spent: 26.151312
Signature: 3drTwkdTzJgpvTx3WyshAe7ZQEo6FnUdU34Bf71kWg2n6uqDYsR6xvJ2kxCKRAHP5WszacGwVoFWqxhsgZWCCVAB
[2024-05-26T12:26:00.100Z]
Wallet: 2Y8kvYrfUQjpsskRHdg1iAGiAALdz6XHPrR4JMn1eWke
Token: 756xoMQ6F2CS6FL2KxADzSiHrL1ddUjQbi8Rx4rfqQZP
USDC spent: 56.615732
Signature: 2BHMmSSvoHBNEsgw7Vwxbo47jxqiGH1mFaANMc8dmuVXu9zidgTDoLNEBYAi1pQTLrHHSx5amYRjZDaQhgCx8uRf
[2024-05-26T12:26:00.210Z]
Wallet: 2Y8kvYrfUQjpsskRHdg1iAGiAALdz6XHPrR4JMn1eWke
Token: 799dZfrjDeZ4abq6fs73Wiy5iQiadE7zqcNw5CFh5YjS
USDC spent: 10.621346
Signature: 5yXQtM7Tf5JoVDpm1Mm8hQM1DuxkzBnEjb2pM84EmoCcihyVooCexCwqFGn4xeZka2S7M3m774ZJq7YmuGtTD19U
[2024-05-26T12:26:00.257Z]
Wallet: 2Y8kvYrfUQjpsskRHdg1iAGiAALdz6XHPrR4JMn1eWke
Token: GL3kG2jKw6RTfrxsGoSGPkLkP6gDC8tU7yfzUuKeJNtr
USDC spent: 6.310857
Signature: 3JURELHDA9SCExrsVotRxRU3N4Xzb39gFAZtdM2ZTSur7vC1TX1NhsLccU8xkRPjKm8eTdL8VHDnw3rX6Ubjatek
[2024-05-26T12:26:07.223Z]
Wallet: 2Y8kvYrfUQjpsskRHdg1iAGiAALdz6XHPrR4JMn1eWke
Token: 1S5rzQqRo3oNwyexb8AM5FY3ZvAmmYaA1eEAXSki5s2
USDC spent: 14.367005
Signature: 3Pznve7HKo1dM6XmuzfNeRVbsgtCydDYtiDQJvTYDWgqDVq6xihBeX5vzQo56yznq8b5WnRnAgqXnVjoo5fSmdN1
[2024-05-26T12:26:08.100Z]
Wallet: 2Y8kvYrfUQjpsskRHdg1iAGiAALdz6XHPrR4JMn1eWke
Token: 6vC1VTR1RgTrQYZRWoLKX6F3YfcmpBE8Ws6CkZ2ALwir
USDC spent: 1.550659
Signature: 48Ww6rCFheyH8DX7fEFfPPaUmJ35Jamf2uZ1XB9RJwkDYmumL9AtexM5TvD3ywcTzkmLtQRBriTi2wZFWG24FFyS
[2024-05-26T12:26:18.780Z]
Wallet: 2Y8kvYrfUQjpsskRHdg1iAGiAALdz6XHPrR4JMn1eWke
Token: 8Hmcp4wGAm8yA3vUo6v9TYNQt6ZEgrLoMiwzPqdQCmYn
USDC spent: 9.029982
Signature: 2Qi1VpDJfo8LAoVXbbTkH9tZ8gqjzE4i1ASZRxPUq5zZ1t3nbmmkxD46ypujngyuCEma82bSDJBDZugeqdLZLMnu
[2024-05-26T12:26:19.841Z]
Wallet: 2Y8kvYrfUQjpsskRHdg1iAGiAALdz6XHPrR4JMn1eWke
Token: 63YHRbiizNRxKhQwDhF1aoBxXUSt19QpMNzpjEMJVxwT
USDC spent: 0.318173
Signature: 5SGnQkwjGrisZh6XthJV7s7aNG4xrNxiUNBbboZQQrXxkQc1RiNk1Z7A3DCFUWY7DdbqyPiaEc6NN8hpLbH6tTqy
[2024-05-26T12:26:22.405Z]
Wallet: 2Y8kvYrfUQjpsskRHdg1iAGiAALdz6XHPrR4JMn1eWke
Token: CKj1Pgp33krD2R6jjzFB1SgFkKPyh9WMrAZ4x1pim5eV
USDC spent: 8.053482
Signature: 5M3yNqytZfuUkhKrTxCKirxADdaZrtbpZhKthDZ5uKYrBrKGBxUj2vjtrCMMbpJNH4bQ2cCMxtbTgULgxebjjgnd
[2024-05-26T12:26:42.676Z]
Wallet: 2Y8kvYrfUQjpsskRHdg1iAGiAALdz6XHPrR4JMn1eWke
Token: HM6C15p5xGBGnQQ5MDdXJc2qzZGZo7scP7SAbN5kn8UZ
USDC spent: 0.004061
Signature: 5rkHXdEtg4MdHH8JaAsLxeAN5UfwAFSXkHzg7yHbcTjVMdTwr14RsVGbxLmA1RgRqRtArx4HSYPaGfed8D7EvxE7
[2024-05-26T12:26:42.802Z]
Wallet: 2Y8kvYrfUQjpsskRHdg1iAGiAALdz6XHPrR4JMn1eWke
Token: xUAtndk9zJKH3iuNCqMVhgY646EwyNuRoiXX7uL3uRB
USDC spent: 10.268279
Signature: 7FUNvUAXTBWc3TQzj88U1bsKWveca2AUEJJror9r3wE4rWUUbvLRLDBs6v5SWgaBqj7WDsb622uwXB3HYno6i8e
[2024-05-26T12:26:42.894Z]
Wallet: 2Y8kvYrfUQjpsskRHdg1iAGiAALdz6XHPrR4JMn1eWke
Token: GnZPSErYttUjHxnHArWbU59gW7o7XxTrSc4pjK4TXQpu
USDC spent: 0.710351
Signature: 2suko5xwKo4gfjL4ZynmbCMfHvWqEWa2p7vehmMuB8bamEwYUWXHp6oyRiG7UAPkgfxDxqGDUXx3yncpJFxxid4H
[2024-05-26T12:26:43.151Z]
Wallet: 2Y8kvYrfUQjpsskRHdg1iAGiAALdz6XHPrR4JMn1eWke
Token: 3ffxmEgmUsw1DK9kY2657WwPCNQPTDu7o2yCuAsSUhxc
USDC spent: 38.99217
Signature: 2JjAFFERVQM3n6nvgfvzBHMtJAc55Rwk2hvjRsJC7DfV9BRWHbzg5czC9MFzqG3BdXgVRhUzhVpm4mC3GKtWznEo
[2024-05-26T12:26:43.174Z]
Wallet: 2Y8kvYrfUQjpsskRHdg1iAGiAALdz6XHPrR4JMn1eWke
Token: AeNg6DaCAjNpK7CvkSC6c9j5g8YFSp78aTQxejaNRNcz
USDC spent: 0.375256
Signature: 2q1RdkR4UiFUmwH25DKr7SZHcc6HH3RWczCkcHHK4mpnV8XYUrDxS6GDKeFWuAZCjP5c2eUmcubX4aTH3ZdiaoiL
[2024-05-26T12:26:43.206Z]
Wallet: 2Y8kvYrfUQjpsskRHdg1iAGiAALdz6XHPrR4JMn1eWke
Token: HSihrtMU22gj53KugEKsgS2eiGadV9P4gzLgMjaxwd4a
USDC spent: 19.73883
Signature: 45XsA68mpDYNx6778ZdLw7ba1n8au9ZD8jKBEksp9mMCMG5UoHCfVF7obQf8JEDnVDhYTtQJEhbTCfAHYgNT7uk4
[2024-05-26T12:26:57.294Z]
Wallet: 2Y8kvYrfUQjpsskRHdg1iAGiAALdz6XHPrR4JMn1eWke
Token: 22VW1vUmppu8rRjgeyXHjx1yDJyX3gtQYRBZqFR8gR7p
USDC spent: 23.272062
Signature: 3FweL3P2t9bi6eM83PmRaTsv5HwScVWBrYm97cLHAMWJ9kdqDncPESwZQwxeFqkcPGUDXzJLqzEtPqeHZXcmEU1Q
[2024-05-26T12:26:57.311Z]
Wallet: 2Y8kvYrfUQjpsskRHdg1iAGiAALdz6XHPrR4JMn1eWke
Token: CQTm5UaiZUPAtShHNwrss2TRKmXEqLiJfSC5HEMeuBMn
USDC spent: 15.691512
Signature: EQ9GUaF3VEctVRs6gKZkEDdPijJQFEcVNywx61es615HCxznnriYNV3WzPTpHR3zYMkvA95wtGtgCaqHwyHYjN3
[2024-05-26T12:26:59.734Z]
Wallet: 2Y8kvYrfUQjpsskRHdg1iAGiAALdz6XHPrR4JMn1eWke
Token: 5twFAyJz2rVkttdZ7amhTYy42LyVQZZDXzpVDyUH48dN
USDC spent: 39.284367
Signature: 49iJ1L2efFyEnt5LKZwVzTQpFv7iccwDZbV3utADby4hmhRbpsYBxjtxKBUwXjKoG49BdyJ4Pc1ZthJkByyMHxoR
[2024-05-26T12:26:59.758Z]
Wallet: 2Y8kvYrfUQjpsskRHdg1iAGiAALdz6XHPrR4JMn1eWke
Token: GWjfAUukqifx78c3DGxy6XkgSBqy2RcWxLAFE8fpJHay
USDC spent: 8.506301
Signature: 7ymsPXisEa1AdWEifCu1v7Pfm5stHMxAUaf6TkgGY5h1kBmgi6Ub1Fpk1KLJpp9imwmtd4HJHwrnpo5fRqY3Je6
[2024-05-26T12:26:59.990Z]
Wallet: 2Y8kvYrfUQjpsskRHdg1iAGiAALdz6XHPrR4JMn1eWke
Token: BRAjKghPXvAhbNwdekA6CR7dhc5sBiNjMoAxHR3Z7vKd
USDC spent: 66.333558
Signature: 4cjhQrQQbK5GLVYEXEaouYpz6F8y97khf85LUw9a93CR8yrgaky3HUeiuisziWsJsF6Xi6J64JM3L4gfmXdV7mAQ
[2024-05-26T12:27:02.870Z]
Wallet: 2Y8kvYrfUQjpsskRHdg1iAGiAALdz6XHPrR4JMn1eWke
Token: FThm94BK39joy5WXEv2iieEXvrxcsev6Lgx2UWkozVHQ
USDC spent: 0.31726
Signature: j7y5eGFH7V9M8AeSfCYfi2yucPmQbY3nRxxoKUgd6QM9K61z1MwRmMixFKFER7U8jFcTHE4dS9br44UMz1GYgoU
[2024-05-26T12:27:02.885Z]
Wallet: 2Y8kvYrfUQjpsskRHdg1iAGiAALdz6XHPrR4JMn1eWke
Token: G6Dg9txdhRDj97LtazPyCt44UzYJsU95XxnZzNQLUX1L
USDC spent: 19.841534
Signature: 4pZYh4GDUtu6BYZWVGWbWG82mouB4g44CzzMEf1DULFBHn4GUCpYsYNU8CJ3JJfpsG5UcE1t8YsoTM7CUBPDkeMT
[2024-05-26T12:27:04.299Z]
Wallet: 2Y8kvYrfUQjpsskRHdg1iAGiAALdz6XHPrR4JMn1eWke
Token: vsJjNRpRvFJbzfJuqbmKHfuqqNbcXhZKpqZDrz9zxWG
USDC spent: 5.258541
Signature: 3JvcKuJnw9AwF1Y8Etq4E6RyEXHLphheDnAfKj3RKs4gpwYCFwRz62E519uJqyLwtpeuWMSK546xnUG4WnUqf3my
[2024-05-26T12:27:04.346Z]
Wallet: 2Y8kvYrfUQjpsskRHdg1iAGiAALdz6XHPrR4JMn1eWke
Token: E99fN4tCRb1tQphXK1DU7prXji6hMzxETyPNJro19Fwz
USDC spent: 0.466111
Signature: 61qHDQnqNN47Kt6wJQQx4sMLKW2mAEkb5m94bB8z2HKh4psBPGQgHS13vfJ6uzoWfHdQ815mDjQvz1HiURFyi37y
[2024-05-26T12:27:04.667Z]
Wallet: 2Y8kvYrfUQjpsskRHdg1iAGiAALdz6XHPrR4JMn1eWke
Token: 3zSgyhUqLvDtVnsMnSia6AwxWUE9w3jVMYVV56zzskPG
USDC spent: 2.425787
Signature: 4PFWqfmzetSsR5yuVMenqDTshKoBPf8M9P8jhBGAuhGkyggUriwqGq85T9JCHaJXPdTTVK3LQynEVLfAvann4C6u
[2024-05-26T12:27:11.153Z]
Wallet: 2Y8kvYrfUQjpsskRHdg1iAGiAALdz6XHPrR4JMn1eWke
Token: WiFEYtYWuv8fuZfoPQfoofM1kp8UgCGQEeAcFBHYxiR
USDC spent: 17.305587
Signature: 3CcyKDKf5XWsRbBLq2pNLhCaHEzUs39po3kCFqn3FV1tjR8FK1CTUF4iMAUrKr5UcEgobGLuB8xv2ZBq6JtE6K6g
[2024-05-26T12:27:11.300Z]
Wallet: 2Y8kvYrfUQjpsskRHdg1iAGiAALdz6XHPrR4JMn1eWke
Token: 2graTNvaHUEFLQJGHggYzoH8nhRv7rZperomT4RebDAw
USDC spent: 21.642763
Signature: 8f4wGtWedP7ei8YowbsVPV6vW4aghoAcZtHtXnx3UXem4CxJScb31MCssqnjSbbsYe2izAXXHCPy4VDLPp7867b
[2024-05-26T12:27:14.605Z]
Wallet: 2Y8kvYrfUQjpsskRHdg1iAGiAALdz6XHPrR4JMn1eWke
Token: 22N4mYXnCGEBeAdM8PCjyx5hV3SdvYhdMbqSnyySxvVP
USDC spent: 5.20021
Signature: 54NyRjZtNnENDqu3KytumfLahzqmzGVVRE7naRCiA1UgbvEvZfUmpN5RxdbXpk5iQrv3Y1wiF5Qt8Gg5V5ZGvAec
[2024-05-26T12:27:21.379Z]
Wallet: 2Y8kvYrfUQjpsskRHdg1iAGiAALdz6XHPrR4JMn1eWke
Token: Eqn65Fw5zgNsx9izxWhk8hJt76hCsvVn9vUSFsD8frT3
USDC spent: 8.248828
Signature: 3pbyRYtknSkJuLutaFpopkxe2Z8aRWLLBBevTEDpH51WvdmrXcHyQNf1oXJvoWHea3HyGmsm4TnXjnjVsPQGe12t
[2024-05-26T12:27:24.303Z]
Wallet: 2Y8kvYrfUQjpsskRHdg1iAGiAALdz6XHPrR4JMn1eWke
Token: 85pTNkY8S4JYnbBQ6jrZ4QjMiceVas3dFBKm3zZy8rkB
USDC spent: 13.96161
Signature: VnwN79Gh8MaCkYBe5my3S2i4mSEZdXT3yNFi44gzXQqun8o5Aw9SLepLjLbtLFzyswJAuvCKucdFQHJGBmS8U1G
[2024-05-26T12:27:24.460Z]
Wallet: 2Y8kvYrfUQjpsskRHdg1iAGiAALdz6XHPrR4JMn1eWke
Token: 2wgNWWAV9qPy6FepBACRUdq25Wcu36GNAeGdc12eRszN
USDC spent: 21.599771
Signature: 2X93veQiP28kr6dpPjYvzCyHnWGoQKER2KxFUGX5u8sdgWUXkdpCh7a7sqC7wszeKFQwYHqbP4FmTcPA34B7XCe5
[2024-05-26T12:27:27.636Z]
Wallet: 2Y8kvYrfUQjpsskRHdg1iAGiAALdz6XHPrR4JMn1eWke
Token: BwisvnzEsKxWnDr3TUbNK1s9ggEHqaSXHLe6XQzemAHA
USDC spent: 24.288918
Signature: 8Nk5Ynp9KRAiKd75AuiT7BSAwrtSJQ6HgiiHYDo2kRobt2PxKXrRe6xRxvNmKiv4VufvYmZAhXpxvzeiDSqPDyL
[2024-05-26T12:27:27.670Z]
Wallet: 2Y8kvYrfUQjpsskRHdg1iAGiAALdz6XHPrR4JMn1eWke
Token: 7bNhs433pKKK6h5A7oantkdcikqiWK4QBPPPTpyvB6yB
USDC spent: 9.018471
Signature: 3GNNSrsCYAAmEbZL8h5zNtrvfQodiYjH9opGsmckVCU3DZtTNvR2Xx67WA7PXycwUqK4zVoqpBK4EmyJwWi4smqJ
[2024-05-26T12:27:31.125Z]
Wallet: 2Y8kvYrfUQjpsskRHdg1iAGiAALdz6XHPrR4JMn1eWke
Token: 7vfyjU1o76Jb7azysBdurJ1PitZdwBCkSBEtKDwzoMmU
USDC spent: 11.944609
Signature: 24PFG4fchU3KGyshYAtifTEXgA4iBmmW1f1aF94ig34xzD3a9DoZ2X2EaoH7juRGqXPTFDYNQQpYYFaVmKyRLnpF
[2024-05-26T12:27:31.160Z]
Wallet: 2Y8kvYrfUQjpsskRHdg1iAGiAALdz6XHPrR4JMn1eWke
Token: 79eXoT1aR7qhBMGKXzVNdV4ZcLqHsupqj2WTFvDumpSZ
USDC spent: 24.269902
Signature: 2a6ZpN28ojFJYP8g1w8TrQzHQgJy8YQcLENqi2VaHXCLPzi7CQkrGyUrzi1KhUha2GmnuoqjZEP22vpTG6KZpjft
[2024-05-26T12:27:31.234Z]
Wallet: 2Y8kvYrfUQjpsskRHdg1iAGiAALdz6XHPrR4JMn1eWke
Token: A1m1N9dx8t2617SEkfNLZtpjRZrYE3BNTPUDYFhLpjFT
USDC spent: 11.709787
Signature: 2Q4KFgsZ2wYQncaYdwRnPE4X5A6L44hpXBTogtTvta7wXWBjr41fQbVJHbLUMBdNwbtbsWGb4RGV8xPqJezLyY74
[2024-05-26T12:27:31.473Z]
Wallet: 2Y8kvYrfUQjpsskRHdg1iAGiAALdz6XHPrR4JMn1eWke
Token: 99mJx7GrXFeP3h596XrMJV2h7wXEPHzZHpuuxMTBpKbD
USDC spent: 0.2327
Signature: 3PpGWQDqVPNv8pMHDm4nWmUK8uqvgwquhRdGZ865da5zRPVuWwFRUWaAo7TDUfzBLfmv7zP1xrKSkEZfNMNdU1gQ
[2024-05-26T12:27:36.290Z]
Wallet: 2Y8kvYrfUQjpsskRHdg1iAGiAALdz6XHPrR4JMn1eWke
Token: AyX9ETMfYzM7MLBE6DVDsJzmAQokcQUcJqKxtSMs5HKh
USDC spent: 22.067156
Signature: 2LW8hBXo6SHjoWWPzyXKUsuABV3c8U4DgorDwrcAt49qd6uRRsD21RNWfTwfRcGndtft2EzyiJvgnWqg38Xqsw5v
[2024-05-26T12:27:39.005Z]
Wallet: 2Y8kvYrfUQjpsskRHdg1iAGiAALdz6XHPrR4JMn1eWke
Token: HhaNs88jtrXMz7eSj4YS1FkDs8dvsja1U5azodugXA3p
USDC spent: 1.09599
Signature: 2RDpc6cKNANQG83vPNUmoQ9v7kaPZGMNB75QtWRWk5sGBzHYH5VvVshHYStoZB5XgsrhXQcJ4ubzrjnaNQTo5scG
[2024-05-26T12:27:43.250Z]
Wallet: 2Y8kvYrfUQjpsskRHdg1iAGiAALdz6XHPrR4JMn1eWke
Token: WR9yi7D3VuihqMeg1EMEqnQEMyz8m31kScV1Rdfq5BL
USDC spent: 15.630839
Signature: 5iRBjHhRYY6EWt8Gy8r9qbjUuzrAeqbFHpRzZsmcgLcMm84iarnB9EhqFUiS1X6XK3CAXnmPoHwQ8LaxEn3rhRiE
[2024-05-26T12:27:45.827Z]
Wallet: 2Y8kvYrfUQjpsskRHdg1iAGiAALdz6XHPrR4JMn1eWke
Token: Eg9RN8mhRV3AsSU4efkRcymYbvBvZBzcoQ9yKe3Cscpo
USDC spent: 17.052524
Signature: 34WVEnWTakHj8d3WTSeNhhNDXs8sogVJS8fekvjGyxs7RBMaC185gaL9Pepycps9xyD1kdNu44SsMcqu3aSnUsh4
[2024-05-26T14:24:14.082Z]
Wallet: FLMX164k4tJUZCApYAuhPafNKKiF2yGzgGLTXZm87oFW
Token: HSihrtMU22gj53KugEKsgS2eiGadV9P4gzLgMjaxwd4a
USDC spent: 0.474316
Signature: 5WfrAYCT3Mn1BChNcybiEDfUGbzVrBSZRLPmSxiV5gek9snSHaqjAyqWj1SZt29CFJtfSdqR4Ne27LvovgTJeYs1
[2024-05-26T14:24:33.543Z]
Wallet: FLMX164k4tJUZCApYAuhPafNKKiF2yGzgGLTXZm87oFW
Token: 22VW1vUmppu8rRjgeyXHjx1yDJyX3gtQYRBZqFR8gR7p
USDC spent: 0.428928
Signature: z9AFrQZoG1GQu8PojC2r2RKyhZefBPWE6joj3jzTDL4JHD6Y8CibD2nCUBQLhJcfzcc6SJpyVqpRWBbdb3kozVH
[2024-05-26T14:52:11.415Z]
Wallet: 2GCwasp68gmrDdodhi9PZLzFKCdVbnT7HkV4btuhPpMd
Token: 756xoMQ6F2CS6FL2KxADzSiHrL1ddUjQbi8Rx4rfqQZP
USDC spent: 3.003765
Signature: 4NNGNx4dky8znA7ramiRmZRTWQJXeSZzsaHo1qnbSoLsYwGBQHqDkgYuPwVPUEFc952RpgNBma5Yhnya2bUceupy
[2024-05-26T15:24:30.899Z]
Wallet: 2GCwasp68gmrDdodhi9PZLzFKCdVbnT7HkV4btuhPpMd
Token: ubBjc3m9cShqDwPVWSLn8Tnb3SHZA657FFS82DnbPLT
USDC spent: 0.412752
Signature: 2U2RyYrDxgy4sN26ACNod6GeCkDCsUTBiSetwUEMbXCti8D2HMiE3gmRfnHGXvmwz2mxahzFsk2EjjMqESfp4jdP
[2024-05-26T16:09:34.029Z]
Wallet: FLMX164k4tJUZCApYAuhPafNKKiF2yGzgGLTXZm87oFW
Token: 1S5rzQqRo3oNwyexb8AM5FY3ZvAmmYaA1eEAXSki5s2
USDC spent: 0.21704
Signature: DBSoFrV4ecb95cc4FwYk5d6So2R8uEmDP8qwkXNCvCanowAiGFwHriQ8C4K1di1SYmsXXYNfh9McLeoJaThcDZa
[2024-05-26T16:09:50.503Z]
Wallet: FLMX164k4tJUZCApYAuhPafNKKiF2yGzgGLTXZm87oFW
Token: 85pTNkY8S4JYnbBQ6jrZ4QjMiceVas3dFBKm3zZy8rkB
USDC spent: 0.321392
Signature: 26JtMvecRrCSnUS4LSmyRRmnXeWhUfUBYEm4M4hYw2AbQpfeC8KyStmaLAG4qrp3cqUonS3PvvS5TrHE8SkE28GL
[2024-05-26T16:09:53.676Z]
Wallet: FLMX164k4tJUZCApYAuhPafNKKiF2yGzgGLTXZm87oFW
Token: HSihrtMU22gj53KugEKsgS2eiGadV9P4gzLgMjaxwd4a
USDC spent: 1.422389
Signature: 41jG62FjL6HycbXYZZdCFbYhymbiN1TjRAApRsDgu2ihe8n9cNExuuKsGthGiBvaSGbx3qKideADN2kHNny7M1yQ
[2024-05-26T16:09:54.850Z]
Wallet: FLMX164k4tJUZCApYAuhPafNKKiF2yGzgGLTXZm87oFW
Token: AyX9ETMfYzM7MLBE6DVDsJzmAQokcQUcJqKxtSMs5HKh
USDC spent: 1.485339
Signature: 2NUgbE557mTydXH6MYueKT5Y8zEq64YFqDrNUjvgrCg9DWybWwbQUZReW6RJeipMngv2ybNmMVBYh2MHp35Gwupr
[2024-05-26T16:09:55.170Z]
Wallet: FLMX164k4tJUZCApYAuhPafNKKiF2yGzgGLTXZm87oFW
Token: 3ffxmEgmUsw1DK9kY2657WwPCNQPTDu7o2yCuAsSUhxc
USDC spent: 0.428543
Signature: 4ukwKT9R7HyuLFDxEF52ZhmbukEEhYfmEVy27bg1veA56KxFQPNp2vBmp55xwMr9NGAoGBPVkrSJZKAziw7R8san
[2024-05-26T16:09:56.006Z]
Wallet: FLMX164k4tJUZCApYAuhPafNKKiF2yGzgGLTXZm87oFW
Token: CfNh9nSdn1Bp1nWhwEdQMCVu1c7Ts5C4ajHh782hP7Hd
USDC spent: 0.854316
Signature: 4R1x7JVqTer2eJxY3VSjei9uuaMvSpF63vsDcdJNc6bAZZcsWbAH5T2V7BX9UbUz2552KmUxBHgXkmjPDTNbpaQG
[2024-05-26T16:09:56.698Z]
Wallet: FLMX164k4tJUZCApYAuhPafNKKiF2yGzgGLTXZm87oFW
Token: EpepcsxdonKExsptVY53yRyG3gqgUkDFEWBvPK7LJcNx
USDC spent: 0.18216
Signature: 5zFxm6q9W4KG6r5G8hPJefUB8Hj3b1TduoxtCYoPXcou948V8gs21n4Z6WV6uikLeCZuiK78VdXwZip16at61MwF
[2024-05-26T16:09:56.708Z]
Wallet: FLMX164k4tJUZCApYAuhPafNKKiF2yGzgGLTXZm87oFW
Token: 7vfyjU1o76Jb7azysBdurJ1PitZdwBCkSBEtKDwzoMmU
USDC spent: 0.244048
Signature: 31fQXAuvmFLPgQLtsWAouJXQqAKC3mfQAykxUv71q78mJe9fuTEeH63c3vjApj42Tf6EWKNMRmexwJVTYHKsTdcM
[2024-05-26T16:10:13.442Z]
Wallet: FLMX164k4tJUZCApYAuhPafNKKiF2yGzgGLTXZm87oFW
Token: 8Hmcp4wGAm8yA3vUo6v9TYNQt6ZEgrLoMiwzPqdQCmYn
USDC spent: 0.213246
Signature: XHb3L1viP7KDxXLnuY7J8aNJ6iLwjWhg41Un3FUhsqG589898zJZmEo4oQReJhxkXgr5cDrpXGkfFWD5vpZfqS8
[2024-05-26T16:10:13.556Z]
Wallet: FLMX164k4tJUZCApYAuhPafNKKiF2yGzgGLTXZm87oFW
Token: Di9UzedVNq2hfFeiCmTGx2PBueopBWW19LxJCDXepaFZ
USDC spent: 0.24719
Signature: 66mhAXwaApLQJhVbhsiQWtQykeCxHoyLNDJkeKbej5yQAb2iWdArM9aJrVz2ppyBcgjqedbNYQwQs7kGAxSVyHsU
[2024-05-26T16:10:14.014Z]
Wallet: FLMX164k4tJUZCApYAuhPafNKKiF2yGzgGLTXZm87oFW
Token: HRGQM6kJv97y1s89ZVMGvUr6jrC5AYa4enrtJY127NbA
USDC spent: 0.775074
Signature: 3rZHDhe4VJ1Q5mq9ctm1T4kA4e1uAu8i1MHdfWAYEoxnvErVN4haPwvGYXLmDgQmywLCWovU2pTLe3uk9J629ncV
[2024-05-26T16:10:14.265Z]
Wallet: FLMX164k4tJUZCApYAuhPafNKKiF2yGzgGLTXZm87oFW
Token: WiFEYtYWuv8fuZfoPQfoofM1kp8UgCGQEeAcFBHYxiR
USDC spent: 0.771434
Signature: 2q3yn3ys7rDk51dxfKgRBFKC9YiqEvYEqKEu96NdzZRff64KNRBy1pRby7HpSCANMtd2PGCpsmUyeq16qgwgfFAj
[2024-05-26T16:10:26.370Z]
Wallet: FLMX164k4tJUZCApYAuhPafNKKiF2yGzgGLTXZm87oFW
Token: 9y9xUH9xgg7DiBGjYfoHQcrJca7dZS1sLES331eYWSyo
USDC spent: 1.214963
Signature: 5M8GKac1QyuWcWoiQS6Tcw9gcXiwmyzH4ZRNDx23kMYcQGRpmWiwquKBoebptdHas2R4SF5UnTEqvbYDsAMQhD55
[2024-05-26T16:10:26.431Z]
Wallet: FLMX164k4tJUZCApYAuhPafNKKiF2yGzgGLTXZm87oFW
Token: WR9yi7D3VuihqMeg1EMEqnQEMyz8m31kScV1Rdfq5BL
USDC spent: 0.932075
Signature: 2CUVw4tdV9LxM9GynYcZ4mFBWDXcn372HSJ2NrtzrFa2PQftmg3A8gYd6uEXSYSfrmDk3fpzjwkSp9bDeD7WYgRv
[2024-05-26T16:10:32.259Z]
Wallet: FLMX164k4tJUZCApYAuhPafNKKiF2yGzgGLTXZm87oFW
Token: HmfNGq7kxE6ppMDGW87xPuMU6wnKbeYBZf76K7t33w3s
USDC spent: 0.861697
Signature: 5EAtPVq7vgqoEbNLCzYZMJggNcTMJfNdSqCuGBK9pzkdtwc1Kcc52e1RcKzAzmp1SfvBTPwZ4oP9xMjdw1XtnrPk
[2024-05-26T16:10:33.802Z]
Wallet: FLMX164k4tJUZCApYAuhPafNKKiF2yGzgGLTXZm87oFW
Token: ubBjc3m9cShqDwPVWSLn8Tnb3SHZA657FFS82DnbPLT
USDC spent: 0.367086
Signature: 55GP8nkjQgWxPe6QF7qfUApGirjAesjHge8wgScUmvpYs7A3YDV8vEtfsWSyqZRA2TJPs6V2xsGtjm7KE6UjCpVN
[2024-05-26T16:10:33.850Z]
Wallet: FLMX164k4tJUZCApYAuhPafNKKiF2yGzgGLTXZm87oFW
Token: 2graTNvaHUEFLQJGHggYzoH8nhRv7rZperomT4RebDAw
USDC spent: 0.61628
Signature: 3CCxg4Evu2Rcmma46QjwLubmN7t3JmajQvePucy7HLAorH86WhpA6RqvZCvYD3FuLtFhiNm3hZRDYmZJyPsQsV1W
[2024-05-26T16:10:48.218Z]
Wallet: FLMX164k4tJUZCApYAuhPafNKKiF2yGzgGLTXZm87oFW
Token: 22VW1vUmppu8rRjgeyXHjx1yDJyX3gtQYRBZqFR8gR7p
USDC spent: 1.33171
Signature: 4QWSUopDCmhqDjknHiiJszGeXEwHJ8KVtEq7H6BmoKzW1vNFGaHmenrDU17DRwGZgAeiXhSQtCYYobgNjy9P39my
[2024-05-26T16:11:06.300Z]
Wallet: FLMX164k4tJUZCApYAuhPafNKKiF2yGzgGLTXZm87oFW
Token: BwisvnzEsKxWnDr3TUbNK1s9ggEHqaSXHLe6XQzemAHA
USDC spent: 0.688478
Signature: 589bKtWmxGVEGHZhAGJUGNQmXYePrNvjDuhtT4pw3dQVMVAcjMeHXixvmpXZEcHFkSkGkL7igPQEBDfpvtbeWABg
[2024-05-26T22:24:11.012Z]
Wallet: 7v6E4oURasPBSHCKgojQjYy7ni62xGxLuzy4T2cQ97Z2
Token: EpepcsxdonKExsptVY53yRyG3gqgUkDFEWBvPK7LJcNx
USDC spent: 0.150928
Signature: 2o9CkDPvxsUMUUZq1Mkoq7RaoE2RL391AUg3yeV2TtWqKLfzTwxf3aEe2XedAcXJ4rznA7tY456ZkRjeHJ99cSdg
[2024-05-26T23:08:02.045Z]
Wallet: 7v6E4oURasPBSHCKgojQjYy7ni62xGxLuzy4T2cQ97Z2
Token: 2graTNvaHUEFLQJGHggYzoH8nhRv7rZperomT4RebDAw
USDC spent: 0.165575
Signature: 5yEVYBvokQzaBPTgnmFrdUMMByU21J7PL99iaD8xVHnSQGNoJxW3LQ9kP5pPgTgmHzMYiYztwL4QzLc1UDymDwUy
[2024-05-26T23:58:50.087Z]
Wallet: 2GCwasp68gmrDdodhi9PZLzFKCdVbnT7HkV4btuhPpMd
Token: HRGQM6kJv97y1s89ZVMGvUr6jrC5AYa4enrtJY127NbA
USDC spent: 0.054936
Signature: 5x5ULh1Kmnv9HuTZQx6aE7oHuzyTLgTZsydQ2hTfmwt8jxXmHKT8rVTvU7XLf7ab7DbRaNVAwhg6jmrwCj8dujQm
